2023-01-27 11:55:53	/Applications/MAMP/htdocs/wikiLegend/dokuwiki/data/pages/start.txt	Warning: current file modification time is older than last revision date
  File revision: 1674807584 2023-01-27 08:19:44
  Last revision: 1674807585 2023-01-27 08:19:45
2023-01-27 11:55:54	/Applications/MAMP/htdocs/wikiLegend/dokuwiki/data/pages/start.txt	Warning: current file modification time is older than last revision date
  File revision: 1674807584 2023-01-27 08:19:44
  Last revision: 1674807585 2023-01-27 08:19:45
2023-01-27 11:55:59	/Applications/MAMP/htdocs/wikiLegend/dokuwiki/data/pages/start.txt	Warning: current file modification time is older than last revision date
  File revision: 1674807584 2023-01-27 08:19:44
  Last revision: 1674807585 2023-01-27 08:19:45
2023-01-27 11:56:58	/Applications/MAMP/htdocs/wikiLegend/dokuwiki/data/pages/start.txt	Warning: current file modification time is older than last revision date
  File revision: 1674807584 2023-01-27 08:19:44
  Last revision: 1674807585 2023-01-27 08:19:45
2023-01-27 11:57:01	/Applications/MAMP/htdocs/wikiLegend/dokuwiki/data/pages/start.txt	Warning: current file modification time is older than last revision date
  File revision: 1674807584 2023-01-27 08:19:44
  Last revision: 1674807585 2023-01-27 08:19:45
2023-01-27 11:57:10	/Applications/MAMP/htdocs/wikiLegend/dokuwiki/data/pages/start.txt	Warning: current file modification time is older than last revision date
  File revision: 1674807584 2023-01-27 08:19:44
  Last revision: 1674807585 2023-01-27 08:19:45
2023-01-27 11:57:36	/Applications/MAMP/htdocs/wikiLegend/dokuwiki/data/pages/start.txt	Warning: current file modification time is older than last revision date
  File revision: 1674807584 2023-01-27 08:19:44
  Last revision: 1674807585 2023-01-27 08:19:45
2023-01-27 11:57:36	/Applications/MAMP/htdocs/wikiLegend/dokuwiki/data/pages/start.txt	Warning: current file modification time is older than last revision date
  File revision: 1674807584 2023-01-27 08:19:44
  Last revision: 1674807585 2023-01-27 08:19:45
2023-01-27 12:02:43	/home/a0771324/domains/a0771324.xsph.ru/public_html/wikiLegend/dokuwiki/data/pages/start.txt	Warning: current file modification time is older than last revision date
  File revision: 1674807584 2023-01-27 11:19:44
  Last revision: 1674807585 2023-01-27 11:19:45
2023-01-27 12:02:50	/home/a0771324/domains/a0771324.xsph.ru/public_html/wikiLegend/dokuwiki/data/pages/start.txt	Warning: current file modification time is older than last revision date
  File revision: 1674807584 2023-01-27 11:19:44
  Last revision: 1674807585 2023-01-27 11:19:45
2023-01-27 12:02:50	/home/a0771324/domains/a0771324.xsph.ru/public_html/wikiLegend/dokuwiki/data/pages/start.txt	Warning: current file modification time is older than last revision date
  File revision: 1674807584 2023-01-27 11:19:44
  Last revision: 1674807585 2023-01-27 11:19:45
2023-01-27 12:02:58	/home/a0771324/domains/a0771324.xsph.ru/public_html/wikiLegend/dokuwiki/data/pages/start.txt	Warning: current file modification time is older than last revision date
  File revision: 1674807584 2023-01-27 11:19:44
  Last revision: 1674807585 2023-01-27 11:19:45
2023-01-27 12:03:04	/home/a0771324/domains/a0771324.xsph.ru/public_html/wikiLegend/dokuwiki/data/pages/start.txt	Warning: current file modification time is older than last revision date
  File revision: 1674807584 2023-01-27 11:19:44
  Last revision: 1674807585 2023-01-27 11:19:45
2023-01-27 12:03:09	/home/a0771324/domains/a0771324.xsph.ru/public_html/wikiLegend/dokuwiki/data/pages/start.txt	Warning: current file modification time is older than last revision date
  File revision: 1674807584 2023-01-27 11:19:44
  Last revision: 1674807585 2023-01-27 11:19:45
2023-01-27 12:03:09	/home/a0771324/domains/a0771324.xsph.ru/public_html/wikiLegend/dokuwiki/data/pages/start.txt	Warning: current file modification time is older than last revision date
  File revision: 1674807584 2023-01-27 11:19:44
  Last revision: 1674807585 2023-01-27 11:19:45
2023-01-27 12:03:38	/home/a0771324/domains/a0771324.xsph.ru/public_html/wikiLegend/dokuwiki/data/pages/start.txt	Warning: current file modification time is older than last revision date
  File revision: 1674807584 2023-01-27 11:19:44
  Last revision: 1674807585 2023-01-27 11:19:45
2023-01-27 12:03:41	/home/a0771324/domains/a0771324.xsph.ru/public_html/wikiLegend/dokuwiki/data/pages/start.txt	Warning: current file modification time is older than last revision date
  File revision: 1674807584 2023-01-27 11:19:44
  Last revision: 1674807585 2023-01-27 11:19:45
2023-01-27 12:03:50	/home/a0771324/domains/a0771324.xsph.ru/public_html/wikiLegend/dokuwiki/data/pages/start.txt	Warning: current file modification time is older than last revision date
  File revision: 1674807584 2023-01-27 11:19:44
  Last revision: 1674807585 2023-01-27 11:19:45
2023-01-27 12:04:07	/home/a0771324/domains/a0771324.xsph.ru/public_html/wikiLegend/dokuwiki/data/pages/start.txt	Warning: current file modification time is older than last revision date
  File revision: 1674807584 2023-01-27 11:19:44
  Last revision: 1674807585 2023-01-27 11:19:45
2023-01-27 12:04:07	/home/a0771324/domains/a0771324.xsph.ru/public_html/wikiLegend/dokuwiki/data/pages/start.txt	Warning: current file modification time is older than last revision date
  File revision: 1674807584 2023-01-27 11:19:44
  Last revision: 1674807585 2023-01-27 11:19:45
2023-01-27 12:04:14	/home/a0771324/domains/a0771324.xsph.ru/public_html/wikiLegend/dokuwiki/data/pages/start.txt	Warning: current file modification time is older than last revision date
  File revision: 1674807584 2023-01-27 11:19:44
  Last revision: 1674807585 2023-01-27 11:19:45
2023-01-27 12:04:46	/home/a0771324/domains/a0771324.xsph.ru/public_html/wikiLegend/dokuwiki/data/media/1.jpg	Warning: current file modification time is older than last revision date
  File revision: 1674815454 2023-01-27 13:30:54
  Last revision: 1674815455 2023-01-27 13:30:55
2023-01-27 12:04:54	/home/a0771324/domains/a0771324.xsph.ru/public_html/wikiLegend/dokuwiki/data/media/%D0%B6%D0%B0%D0%B6%D0%B4%D0%B0_.mp4	Warning: current file modification time is older than last revision date
  File revision: 1674816330 2023-01-27 13:45:30
  Last revision: 1674816331 2023-01-27 13:45:31
2023-01-27 12:07:40	/home/a0771324/domains/a0771324.xsph.ru/public_html/wikiLegend/dokuwiki/data/pages/start.txt	Warning: current file modification time is older than last revision date
  File revision: 1674807584 2023-01-27 11:19:44
  Last revision: 1674807585 2023-01-27 11:19:45
2023-01-27 12:08:37	/home/a0771324/domains/a0771324.xsph.ru/public_html/wikiLegend/dokuwiki/data/pages/start.txt	Warning: current file modification time is older than last revision date
  File revision: 1674807584 2023-01-27 11:19:44
  Last revision: 1674807585 2023-01-27 11:19:45
2023-01-27 12:08:39	/home/a0771324/domains/a0771324.xsph.ru/public_html/wikiLegend/dokuwiki/data/pages/%D0%B8%D1%81%D1%82%D0%BE%D1%80%D0%B8%D1%8F.txt	Warning: current file modification time is older than last revision date
  File revision: 1674818746 2023-01-27 14:25:46
  Last revision: 1674818747 2023-01-27 14:25:47
2023-01-27 12:08:47	/home/a0771324/domains/a0771324.xsph.ru/public_html/wikiLegend/dokuwiki/data/pages/start.txt	Warning: current file modification time is older than last revision date
  File revision: 1674807584 2023-01-27 11:19:44
  Last revision: 1674807585 2023-01-27 11:19:45
2023-01-27 12:09:10	/home/a0771324/domains/a0771324.xsph.ru/public_html/wikiLegend/dokuwiki/data/pages/start.txt	Warning: current file modification time is older than last revision date
  File revision: 1674807584 2023-01-27 11:19:44
  Last revision: 1674807585 2023-01-27 11:19:45
2023-01-27 12:09:19	/home/a0771324/domains/a0771324.xsph.ru/public_html/wikiLegend/dokuwiki/data/pages/start.txt	Warning: current file modification time is older than last revision date
  File revision: 1674807584 2023-01-27 11:19:44
  Last revision: 1674807585 2023-01-27 11:19:45
2023-01-27 12:09:34	/home/a0771324/domains/a0771324.xsph.ru/public_html/wikiLegend/dokuwiki/data/pages/start.txt	Warning: current file modification time is older than last revision date
  File revision: 1674807584 2023-01-27 11:19:44
  Last revision: 1674807585 2023-01-27 11:19:45
2023-01-27 12:10:12	/home/a0771324/domains/a0771324.xsph.ru/public_html/wikiLegend/dokuwiki/data/pages/%D0%B8%D1%81%D1%82%D0%BE%D1%80%D0%B8%D1%8F.txt	Warning: current file modification time is older than last revision date
  File revision: 1674818746 2023-01-27 14:25:46
  Last revision: 1674818747 2023-01-27 14:25:47
2023-01-27 12:10:20	/home/a0771324/domains/a0771324.xsph.ru/public_html/wikiLegend/dokuwiki/data/pages/start.txt	Warning: current file modification time is older than last revision date
  File revision: 1674807584 2023-01-27 11:19:44
  Last revision: 1674807585 2023-01-27 11:19:45
2023-01-27 12:10:22	/home/a0771324/domains/a0771324.xsph.ru/public_html/wikiLegend/dokuwiki/data/pages/start.txt	Warning: current file modification time is older than last revision date
  File revision: 1674807584 2023-01-27 11:19:44
  Last revision: 1674807585 2023-01-27 11:19:45
2023-01-27 12:10:50	/home/a0771324/domains/a0771324.xsph.ru/public_html/wikiLegend/dokuwiki/data/pages/start.txt	Warning: current file modification time is older than last revision date
  File revision: 1674807584 2023-01-27 11:19:44
  Last revision: 1674807585 2023-01-27 11:19:45
2023-01-27 12:11:41	/home/a0771324/domains/a0771324.xsph.ru/public_html/wikiLegend/dokuwiki/data/pages/%D0%B8%D1%81%D1%82%D0%BE%D1%80%D0%B8%D1%8F.txt	Warning: current file modification time is older than last revision date
  File revision: 1674818746 2023-01-27 14:25:46
  Last revision: 1674818747 2023-01-27 14:25:47
2023-01-27 12:11:54	/home/a0771324/domains/a0771324.xsph.ru/public_html/wikiLegend/dokuwiki/data/pages/%D0%B8%D1%81%D1%82%D0%BE%D1%80%D0%B8%D1%8F.txt	Warning: current file modification time is older than last revision date
  File revision: 1674818746 2023-01-27 14:25:46
  Last revision: 1674818747 2023-01-27 14:25:47
2023-01-27 12:11:59	/home/a0771324/domains/a0771324.xsph.ru/public_html/wikiLegend/dokuwiki/data/pages/%D0%B8%D1%81%D1%82%D0%BE%D1%80%D0%B8%D1%8F.txt	Warning: current file modification time is older than last revision date
  File revision: 1674818746 2023-01-27 14:25:46
  Last revision: 1674818747 2023-01-27 14:25:47
2023-01-27 12:12:17	/home/a0771324/domains/a0771324.xsph.ru/public_html/wikiLegend/dokuwiki/data/pages/%D0%B8%D1%81%D1%82%D0%BE%D1%80%D0%B8%D1%8F.txt	Warning: current file modification time is older than last revision date
  File revision: 1674818746 2023-01-27 14:25:46
  Last revision: 1674818747 2023-01-27 14:25:47
2023-01-27 12:12:18	/home/a0771324/domains/a0771324.xsph.ru/public_html/wikiLegend/dokuwiki/data/pages/%D0%B8%D1%81%D1%82%D0%BE%D1%80%D0%B8%D1%8F.txt	Warning: current file modification time is older than last revision date
  File revision: 1674818746 2023-01-27 14:25:46
  Last revision: 1674818747 2023-01-27 14:25:47
2023-01-27 12:12:22	/home/a0771324/domains/a0771324.xsph.ru/public_html/wikiLegend/dokuwiki/data/pages/%D0%B8%D1%81%D1%82%D0%BE%D1%80%D0%B8%D1%8F.txt	Warning: current file modification time is older than last revision date
  File revision: 1674818746 2023-01-27 14:25:46
  Last revision: 1674818747 2023-01-27 14:25:47
2023-01-27 12:12:28	/home/a0771324/domains/a0771324.xsph.ru/public_html/wikiLegend/dokuwiki/data/pages/%D0%B8%D1%81%D1%82%D0%BE%D1%80%D0%B8%D1%8F.txt	Warning: current file modification time is older than last revision date
  File revision: 1674818746 2023-01-27 14:25:46
  Last revision: 1674818747 2023-01-27 14:25:47
2023-01-27 12:14:52	/home/a0771324/domains/a0771324.xsph.ru/public_html/wikiLegend/dokuwiki/data/pages/start.txt	Warning: current file modification time is older than last revision date
  File revision: 1674807584 2023-01-27 11:19:44
  Last revision: 1674807585 2023-01-27 11:19:45
2023-01-27 12:15:09	/home/a0771324/domains/a0771324.xsph.ru/public_html/wikiLegend/dokuwiki/data/pages/start.txt	Warning: current file modification time is older than last revision date
  File revision: 1674807584 2023-01-27 11:19:44
  Last revision: 1674807585 2023-01-27 11:19:45
2023-01-27 12:15:13	/home/a0771324/domains/a0771324.xsph.ru/public_html/wikiLegend/dokuwiki/data/pages/start.txt	Warning: current file modification time is older than last revision date
  File revision: 1674807584 2023-01-27 11:19:44
  Last revision: 1674807585 2023-01-27 11:19:45
2023-01-27 12:15:23	/home/a0771324/domains/a0771324.xsph.ru/public_html/wikiLegend/dokuwiki/data/pages/start.txt	Warning: current file modification time is older than last revision date
  File revision: 1674807584 2023-01-27 11:19:44
  Last revision: 1674807585 2023-01-27 11:19:45
2023-01-27 12:15:36	/home/a0771324/domains/a0771324.xsph.ru/public_html/wikiLegend/dokuwiki/data/pages/start.txt	Warning: current file modification time is older than last revision date
  File revision: 1674807584 2023-01-27 11:19:44
  Last revision: 1674807585 2023-01-27 11:19:45
2023-01-27 12:15:36	/home/a0771324/domains/a0771324.xsph.ru/public_html/wikiLegend/dokuwiki/data/pages/start.txt	Warning: current file modification time is older than last revision date
  File revision: 1674807584 2023-01-27 11:19:44
  Last revision: 1674807585 2023-01-27 11:19:45
2023-01-27 12:16:10	/home/a0771324/domains/a0771324.xsph.ru/public_html/wikiLegend/dokuwiki/data/pages/start.txt	Warning: current file modification time is older than last revision date
  File revision: 1674807584 2023-01-27 11:19:44
  Last revision: 1674807585 2023-01-27 11:19:45
2023-01-27 12:16:13	/home/a0771324/domains/a0771324.xsph.ru/public_html/wikiLegend/dokuwiki/data/pages/%D0%B8%D1%81%D1%82%D0%BE%D1%80%D0%B8%D1%8F.txt	Warning: current file modification time is older than last revision date
  File revision: 1674818746 2023-01-27 14:25:46
  Last revision: 1674818747 2023-01-27 14:25:47
2023-01-27 12:16:15	/home/a0771324/domains/a0771324.xsph.ru/public_html/wikiLegend/dokuwiki/data/pages/%D0%B8%D1%81%D1%82%D0%BE%D1%80%D0%B8%D1%8F.txt	Warning: current file modification time is older than last revision date
  File revision: 1674818746 2023-01-27 14:25:46
  Last revision: 1674818747 2023-01-27 14:25:47
2023-01-27 12:16:15	/home/a0771324/domains/a0771324.xsph.ru/public_html/wikiLegend/dokuwiki/data/pages/%D0%B8%D1%81%D1%82%D0%BE%D1%80%D0%B8%D1%8F.txt	Warning: current file modification time is older than last revision date
  File revision: 1674818746 2023-01-27 14:25:46
  Last revision: 1674818747 2023-01-27 14:25:47
2023-01-27 12:16:39	/home/a0771324/domains/a0771324.xsph.ru/public_html/wikiLegend/dokuwiki/data/pages/start.txt	Warning: current file modification time is older than last revision date
  File revision: 1674807584 2023-01-27 11:19:44
  Last revision: 1674807585 2023-01-27 11:19:45
2023-01-27 12:16:46	/home/a0771324/domains/a0771324.xsph.ru/public_html/wikiLegend/dokuwiki/data/pages/start.txt	Warning: current file modification time is older than last revision date
  File revision: 1674807584 2023-01-27 11:19:44
  Last revision: 1674807585 2023-01-27 11:19:45
2023-01-27 12:16:55	/home/a0771324/domains/a0771324.xsph.ru/public_html/wikiLegend/dokuwiki/data/pages/%D0%B8%D1%81%D1%82%D0%BE%D1%80%D0%B8%D1%8F.txt	Warning: current file modification time is older than last revision date
  File revision: 1674818746 2023-01-27 14:25:46
  Last revision: 1674818747 2023-01-27 14:25:47
2023-01-27 12:17:14	/home/a0771324/domains/a0771324.xsph.ru/public_html/wikiLegend/dokuwiki/data/pages/%D0%B8%D1%81%D1%82%D0%BE%D1%80%D0%B8%D1%8F.txt	Warning: current file modification time is older than last revision date
  File revision: 1674818746 2023-01-27 14:25:46
  Last revision: 1674818747 2023-01-27 14:25:47
2023-01-27 12:17:14	/home/a0771324/domains/a0771324.xsph.ru/public_html/wikiLegend/dokuwiki/data/pages/%D0%B8%D1%81%D1%82%D0%BE%D1%80%D0%B8%D1%8F.txt	Warning: current file modification time is older than last revision date
  File revision: 1674818746 2023-01-27 14:25:46
  Last revision: 1674818747 2023-01-27 14:25:47
2023-01-27 12:17:17	/home/a0771324/domains/a0771324.xsph.ru/public_html/wikiLegend/dokuwiki/data/pages/%D0%B8%D1%81%D1%82%D0%BE%D1%80%D0%B8%D1%8F.txt	Warning: current file modification time is older than last revision date
  File revision: 1674818746 2023-01-27 14:25:46
  Last revision: 1674818747 2023-01-27 14:25:47
2023-01-27 12:17:21	/home/a0771324/domains/a0771324.xsph.ru/public_html/wikiLegend/dokuwiki/data/pages/%D0%B8%D1%81%D1%82%D0%BE%D1%80%D0%B8%D1%8F.txt	Warning: current file modification time is older than last revision date
  File revision: 1674818746 2023-01-27 14:25:46
  Last revision: 1674818747 2023-01-27 14:25:47
2023-01-27 12:17:27	/home/a0771324/domains/a0771324.xsph.ru/public_html/wikiLegend/dokuwiki/data/pages/%D0%B8%D1%81%D1%82%D0%BE%D1%80%D0%B8%D1%8F.txt	Warning: current file modification time is older than last revision date
  File revision: 1674818746 2023-01-27 14:25:46
  Last revision: 1674818747 2023-01-27 14:25:47
2023-01-27 12:17:28	/home/a0771324/domains/a0771324.xsph.ru/public_html/wikiLegend/dokuwiki/data/pages/%D0%B8%D1%81%D1%82%D0%BE%D1%80%D0%B8%D1%8F.txt	Warning: current file modification time is older than last revision date
  File revision: 1674818746 2023-01-27 14:25:46
  Last revision: 1674818747 2023-01-27 14:25:47
2023-01-27 12:17:33	/home/a0771324/domains/a0771324.xsph.ru/public_html/wikiLegend/dokuwiki/data/pages/%D0%B8%D1%81%D1%82%D0%BE%D1%80%D0%B8%D1%8F.txt	Warning: current file modification time is older than last revision date
  File revision: 1674818746 2023-01-27 14:25:46
  Last revision: 1674818747 2023-01-27 14:25:47
2023-01-27 12:17:50	/home/a0771324/domains/a0771324.xsph.ru/public_html/wikiLegend/dokuwiki/data/pages/%D0%B8%D1%81%D1%82%D0%BE%D1%80%D0%B8%D1%8F.txt	Warning: current file modification time is older than last revision date
  File revision: 1674818746 2023-01-27 14:25:46
  Last revision: 1674818747 2023-01-27 14:25:47
2023-01-27 12:20:51	/home/a0771324/domains/a0771324.xsph.ru/public_html/wikiLegend/dokuwiki/data/pages/start.txt	Warning: current file modification time is older than last revision date
  File revision: 1674807584 2023-01-27 11:19:44
  Last revision: 1674807585 2023-01-27 11:19:45
2023-01-27 12:21:12	/home/a0771324/domains/a0771324.xsph.ru/public_html/wikiLegend/dokuwiki/data/pages/start.txt	Warning: current file modification time is older than last revision date
  File revision: 1674807584 2023-01-27 11:19:44
  Last revision: 1674807585 2023-01-27 11:19:45
2023-01-27 12:21:14	/home/a0771324/domains/a0771324.xsph.ru/public_html/wikiLegend/dokuwiki/data/pages/start.txt	Warning: current file modification time is older than last revision date
  File revision: 1674807584 2023-01-27 11:19:44
  Last revision: 1674807585 2023-01-27 11:19:45
2023-01-27 12:21:17	/home/a0771324/domains/a0771324.xsph.ru/public_html/wikiLegend/dokuwiki/data/pages/start.txt	Warning: current file modification time is older than last revision date
  File revision: 1674807584 2023-01-27 11:19:44
  Last revision: 1674807585 2023-01-27 11:19:45
2023-01-27 12:21:18	/home/a0771324/domains/a0771324.xsph.ru/public_html/wikiLegend/dokuwiki/data/pages/start.txt	Warning: current file modification time is older than last revision date
  File revision: 1674807584 2023-01-27 11:19:44
  Last revision: 1674807585 2023-01-27 11:19:45
2023-01-27 12:22:00	/home/a0771324/domains/a0771324.xsph.ru/public_html/wikiLegend/dokuwiki/data/pages/start.txt	Warning: current file modification time is older than last revision date
  File revision: 1674807584 2023-01-27 11:19:44
  Last revision: 1674807585 2023-01-27 11:19:45
2023-01-27 12:22:15	/home/a0771324/domains/a0771324.xsph.ru/public_html/wikiLegend/dokuwiki/data/pages/start.txt	Warning: current file modification time is older than last revision date
  File revision: 1674807584 2023-01-27 11:19:44
  Last revision: 1674807585 2023-01-27 11:19:45
2023-01-27 12:22:34	/home/a0771324/domains/a0771324.xsph.ru/public_html/wikiLegend/dokuwiki/data/pages/start.txt	Warning: current file modification time is older than last revision date
  File revision: 1674807584 2023-01-27 11:19:44
  Last revision: 1674807585 2023-01-27 11:19:45
2023-01-27 12:45:41	/home/a0771324/domains/a0771324.xsph.ru/public_html/wikiLegend/dokuwiki/data/pages/start.txt	Warning: current file modification time is older than last revision date
  File revision: 1674807584 2023-01-27 11:19:44
  Last revision: 1674807585 2023-01-27 11:19:45
2023-01-27 12:46:02	/home/a0771324/domains/a0771324.xsph.ru/public_html/wikiLegend/dokuwiki/data/pages/start.txt	Warning: current file modification time is older than last revision date
  File revision: 1674807584 2023-01-27 11:19:44
  Last revision: 1674807585 2023-01-27 11:19:45
2023-01-27 12:46:26	/home/a0771324/domains/a0771324.xsph.ru/public_html/wikiLegend/dokuwiki/data/pages/start.txt	Warning: current file modification time is older than last revision date
  File revision: 1674807584 2023-01-27 11:19:44
  Last revision: 1674807585 2023-01-27 11:19:45
2023-01-27 12:48:33	/home/a0771324/domains/a0771324.xsph.ru/public_html/wikiLegend/dokuwiki/data/pages/start.txt	Warning: current file modification time is older than last revision date
  File revision: 1674807584 2023-01-27 11:19:44
  Last revision: 1674807585 2023-01-27 11:19:45
2023-01-27 12:49:11	/home/a0771324/domains/a0771324.xsph.ru/public_html/wikiLegend/dokuwiki/data/pages/start.txt	Warning: current file modification time is older than last revision date
  File revision: 1674807584 2023-01-27 11:19:44
  Last revision: 1674807585 2023-01-27 11:19:45
2023-01-27 12:49:45	/home/a0771324/domains/a0771324.xsph.ru/public_html/wikiLegend/dokuwiki/data/pages/start.txt	Warning: current file modification time is older than last revision date
  File revision: 1674807584 2023-01-27 11:19:44
  Last revision: 1674807585 2023-01-27 11:19:45
2023-01-27 12:49:48	/home/a0771324/domains/a0771324.xsph.ru/public_html/wikiLegend/dokuwiki/data/pages/start.txt	Warning: current file modification time is older than last revision date
  File revision: 1674807584 2023-01-27 11:19:44
  Last revision: 1674807585 2023-01-27 11:19:45
2023-01-27 12:49:56	/home/a0771324/domains/a0771324.xsph.ru/public_html/wikiLegend/dokuwiki/data/pages/start.txt	Warning: current file modification time is older than last revision date
  File revision: 1674807584 2023-01-27 11:19:44
  Last revision: 1674807585 2023-01-27 11:19:45
2023-01-27 12:49:56	/home/a0771324/domains/a0771324.xsph.ru/public_html/wikiLegend/dokuwiki/data/pages/start.txt	Warning: current file modification time is older than last revision date
  File revision: 1674807584 2023-01-27 11:19:44
  Last revision: 1674807585 2023-01-27 11:19:45
2023-01-27 12:49:56	/home/a0771324/domains/a0771324.xsph.ru/public_html/wikiLegend/dokuwiki/data/pages/start.txt	Warning: current file modification time is older than last revision date
  File revision: 1674807584 2023-01-27 11:19:44
  Last revision: 1674807585 2023-01-27 11:19:45
2023-01-27 12:49:58	/home/a0771324/domains/a0771324.xsph.ru/public_html/wikiLegend/dokuwiki/data/pages/start.txt	Warning: current file modification time is older than last revision date
  File revision: 1674807584 2023-01-27 11:19:44
  Last revision: 1674807585 2023-01-27 11:19:45
2023-01-27 12:50:00	/home/a0771324/domains/a0771324.xsph.ru/public_html/wikiLegend/dokuwiki/data/pages/start.txt	Warning: current file modification time is older than last revision date
  File revision: 1674807584 2023-01-27 11:19:44
  Last revision: 1674807585 2023-01-27 11:19:45
2023-01-27 12:50:32	/home/a0771324/domains/a0771324.xsph.ru/public_html/wikiLegend/dokuwiki/data/pages/start.txt	Warning: current file modification time is older than last revision date
  File revision: 1674807584 2023-01-27 11:19:44
  Last revision: 1674807585 2023-01-27 11:19:45
2023-01-27 12:50:32	/home/a0771324/domains/a0771324.xsph.ru/public_html/wikiLegend/dokuwiki/data/pages/%D0%B8%D1%81%D1%82%D0%BE%D1%80%D0%B8%D1%8F.txt	Warning: current file modification time is older than last revision date
  File revision: 1674818746 2023-01-27 14:25:46
  Last revision: 1674818747 2023-01-27 14:25:47
2023-01-27 12:50:32	/home/a0771324/domains/a0771324.xsph.ru/public_html/wikiLegend/dokuwiki/data/media/hful76x4hni.jpg	Warning: current file modification time is older than last revision date
  File revision: 1674817168 2023-01-27 13:59:28
  Last revision: 1674817169 2023-01-27 13:59:29
2023-01-27 12:50:32	/home/a0771324/domains/a0771324.xsph.ru/public_html/wikiLegend/dokuwiki/data/media/%D0%B6%D0%B0%D0%B6%D0%B4%D0%B0_.mp4	Warning: current file modification time is older than last revision date
  File revision: 1674816330 2023-01-27 13:45:30
  Last revision: 1674816331 2023-01-27 13:45:31
2023-01-27 12:50:32	/home/a0771324/domains/a0771324.xsph.ru/public_html/wikiLegend/dokuwiki/data/pages/start.txt	Warning: current file modification time is older than last revision date
  File revision: 1674807584 2023-01-27 11:19:44
  Last revision: 1674807585 2023-01-27 11:19:45
2023-01-27 12:50:39	/home/a0771324/domains/a0771324.xsph.ru/public_html/wikiLegend/dokuwiki/data/pages/start.txt	Warning: current file modification time is older than last revision date
  File revision: 1674807584 2023-01-27 11:19:44
  Last revision: 1674807585 2023-01-27 11:19:45
2023-01-27 12:50:41	/home/a0771324/domains/a0771324.xsph.ru/public_html/wikiLegend/dokuwiki/data/pages/start.txt	Warning: current file modification time is older than last revision date
  File revision: 1674807584 2023-01-27 11:19:44
  Last revision: 1674807585 2023-01-27 11:19:45
2023-01-27 12:50:43	/home/a0771324/domains/a0771324.xsph.ru/public_html/wikiLegend/dokuwiki/data/pages/start.txt	Warning: current file modification time is older than last revision date
  File revision: 1674807584 2023-01-27 11:19:44
  Last revision: 1674807585 2023-01-27 11:19:45
2023-01-27 12:50:45	/home/a0771324/domains/a0771324.xsph.ru/public_html/wikiLegend/dokuwiki/data/pages/start.txt	Warning: current file modification time is older than last revision date
  File revision: 1674807584 2023-01-27 11:19:44
  Last revision: 1674807585 2023-01-27 11:19:45
2023-01-27 12:50:47	/home/a0771324/domains/a0771324.xsph.ru/public_html/wikiLegend/dokuwiki/data/pages/start.txt	Warning: current file modification time is older than last revision date
  File revision: 1674807584 2023-01-27 11:19:44
  Last revision: 1674807585 2023-01-27 11:19:45
2023-01-27 12:50:48	/home/a0771324/domains/a0771324.xsph.ru/public_html/wikiLegend/dokuwiki/data/pages/start.txt	Warning: current file modification time is older than last revision date
  File revision: 1674807584 2023-01-27 11:19:44
  Last revision: 1674807585 2023-01-27 11:19:45
2023-01-27 12:50:48	/home/a0771324/domains/a0771324.xsph.ru/public_html/wikiLegend/dokuwiki/data/pages/%D0%B8%D1%81%D1%82%D0%BE%D1%80%D0%B8%D1%8F.txt	Warning: current file modification time is older than last revision date
  File revision: 1674818746 2023-01-27 14:25:46
  Last revision: 1674818747 2023-01-27 14:25:47
2023-01-27 12:50:48	/home/a0771324/domains/a0771324.xsph.ru/public_html/wikiLegend/dokuwiki/data/media/hful76x4hni.jpg	Warning: current file modification time is older than last revision date
  File revision: 1674817168 2023-01-27 13:59:28
  Last revision: 1674817169 2023-01-27 13:59:29
2023-01-27 12:50:48	/home/a0771324/domains/a0771324.xsph.ru/public_html/wikiLegend/dokuwiki/data/media/%D0%B6%D0%B0%D0%B6%D0%B4%D0%B0_.mp4	Warning: current file modification time is older than last revision date
  File revision: 1674816330 2023-01-27 13:45:30
  Last revision: 1674816331 2023-01-27 13:45:31
2023-01-27 12:50:56	/home/a0771324/domains/a0771324.xsph.ru/public_html/wikiLegend/dokuwiki/data/pages/start.txt	Warning: current file modification time is older than last revision date
  File revision: 1674807584 2023-01-27 11:19:44
  Last revision: 1674807585 2023-01-27 11:19:45
2023-01-27 12:50:56	/home/a0771324/domains/a0771324.xsph.ru/public_html/wikiLegend/dokuwiki/data/pages/start.txt	Warning: current file modification time is older than last revision date
  File revision: 1674807584 2023-01-27 11:19:44
  Last revision: 1674807585 2023-01-27 11:19:45
2023-01-27 12:51:00	/home/a0771324/domains/a0771324.xsph.ru/public_html/wikiLegend/dokuwiki/data/pages/start.txt	Warning: current file modification time is older than last revision date
  File revision: 1674807584 2023-01-27 11:19:44
  Last revision: 1674807585 2023-01-27 11:19:45
2023-01-27 12:51:05	/home/a0771324/domains/a0771324.xsph.ru/public_html/wikiLegend/dokuwiki/data/pages/start.txt	Warning: current file modification time is older than last revision date
  File revision: 1674807584 2023-01-27 11:19:44
  Last revision: 1674807585 2023-01-27 11:19:45
2023-01-27 12:51:05	/home/a0771324/domains/a0771324.xsph.ru/public_html/wikiLegend/dokuwiki/data/pages/start.txt	Warning: current file modification time is older than last revision date
  File revision: 1674807584 2023-01-27 11:19:44
  Last revision: 1674807585 2023-01-27 11:19:45
2023-01-27 12:51:14	/home/a0771324/domains/a0771324.xsph.ru/public_html/wikiLegend/dokuwiki/data/pages/start.txt	Warning: current file modification time is older than last revision date
  File revision: 1674807584 2023-01-27 11:19:44
  Last revision: 1674807585 2023-01-27 11:19:45
2023-01-27 12:51:19	/home/a0771324/domains/a0771324.xsph.ru/public_html/wikiLegend/dokuwiki/data/pages/start.txt	Warning: current file modification time is older than last revision date
  File revision: 1674807584 2023-01-27 11:19:44
  Last revision: 1674807585 2023-01-27 11:19:45
2023-01-27 12:51:19	/home/a0771324/domains/a0771324.xsph.ru/public_html/wikiLegend/dokuwiki/data/pages/start.txt	Warning: current file modification time is older than last revision date
  File revision: 1674807584 2023-01-27 11:19:44
  Last revision: 1674807585 2023-01-27 11:19:45
2023-01-27 12:51:21	/home/a0771324/domains/a0771324.xsph.ru/public_html/wikiLegend/dokuwiki/data/pages/start.txt	Warning: current file modification time is older than last revision date
  File revision: 1674807584 2023-01-27 11:19:44
  Last revision: 1674807585 2023-01-27 11:19:45
2023-01-27 12:51:23	/home/a0771324/domains/a0771324.xsph.ru/public_html/wikiLegend/dokuwiki/data/pages/start.txt	Warning: current file modification time is older than last revision date
  File revision: 1674807584 2023-01-27 11:19:44
  Last revision: 1674807585 2023-01-27 11:19:45
2023-01-27 12:51:41	/home/a0771324/domains/a0771324.xsph.ru/public_html/wikiLegend/dokuwiki/data/pages/start.txt	Warning: current file modification time is older than last revision date
  File revision: 1674807584 2023-01-27 11:19:44
  Last revision: 1674807585 2023-01-27 11:19:45
2023-01-27 12:52:37	/home/a0771324/domains/a0771324.xsph.ru/public_html/wikiLegend/dokuwiki/data/pages/start.txt	Warning: current file modification time is older than last revision date
  File revision: 1674807584 2023-01-27 11:19:44
  Last revision: 1674807585 2023-01-27 11:19:45
2023-01-27 12:52:42	/home/a0771324/domains/a0771324.xsph.ru/public_html/wikiLegend/dokuwiki/data/pages/start.txt	Warning: current file modification time is older than last revision date
  File revision: 1674807584 2023-01-27 11:19:44
  Last revision: 1674807585 2023-01-27 11:19:45
2023-01-27 12:52:45	/home/a0771324/domains/a0771324.xsph.ru/public_html/wikiLegend/dokuwiki/data/pages/start.txt	Warning: current file modification time is older than last revision date
  File revision: 1674807584 2023-01-27 11:19:44
  Last revision: 1674807585 2023-01-27 11:19:45
2023-01-27 12:53:14	/home/a0771324/domains/a0771324.xsph.ru/public_html/wikiLegend/dokuwiki/data/pages/start.txt	Warning: current file modification time is older than last revision date
  File revision: 1674807584 2023-01-27 11:19:44
  Last revision: 1674807585 2023-01-27 11:19:45
2023-01-27 12:53:20	/home/a0771324/domains/a0771324.xsph.ru/public_html/wikiLegend/dokuwiki/data/pages/start.txt	Warning: current file modification time is older than last revision date
  File revision: 1674807584 2023-01-27 11:19:44
  Last revision: 1674807585 2023-01-27 11:19:45
2023-01-27 12:53:22	/home/a0771324/domains/a0771324.xsph.ru/public_html/wikiLegend/dokuwiki/data/pages/start.txt	Warning: current file modification time is older than last revision date
  File revision: 1674807584 2023-01-27 11:19:44
  Last revision: 1674807585 2023-01-27 11:19:45
2023-01-27 12:53:27	/home/a0771324/domains/a0771324.xsph.ru/public_html/wikiLegend/dokuwiki/data/pages/start.txt	Warning: current file modification time is older than last revision date
  File revision: 1674807584 2023-01-27 11:19:44
  Last revision: 1674807585 2023-01-27 11:19:45
2023-01-27 12:53:27	/home/a0771324/domains/a0771324.xsph.ru/public_html/wikiLegend/dokuwiki/data/pages/start.txt	Warning: current file modification time is older than last revision date
  File revision: 1674807584 2023-01-27 11:19:44
  Last revision: 1674807585 2023-01-27 11:19:45
2023-01-27 12:53:31	/home/a0771324/domains/a0771324.xsph.ru/public_html/wikiLegend/dokuwiki/data/pages/start.txt	Warning: current file modification time is older than last revision date
  File revision: 1674807584 2023-01-27 11:19:44
  Last revision: 1674807585 2023-01-27 11:19:45
2023-01-27 12:53:34	/home/a0771324/domains/a0771324.xsph.ru/public_html/wikiLegend/dokuwiki/data/pages/start.txt	Warning: current file modification time is older than last revision date
  File revision: 1674807584 2023-01-27 11:19:44
  Last revision: 1674807585 2023-01-27 11:19:45
2023-01-27 12:53:41	/home/a0771324/domains/a0771324.xsph.ru/public_html/wikiLegend/dokuwiki/data/pages/start.txt	Warning: current file modification time is older than last revision date
  File revision: 1674807584 2023-01-27 11:19:44
  Last revision: 1674807585 2023-01-27 11:19:45
2023-01-27 12:53:44	/home/a0771324/domains/a0771324.xsph.ru/public_html/wikiLegend/dokuwiki/data/pages/start.txt	Warning: current file modification time is older than last revision date
  File revision: 1674807584 2023-01-27 11:19:44
  Last revision: 1674807585 2023-01-27 11:19:45
2023-01-27 12:53:46	/home/a0771324/domains/a0771324.xsph.ru/public_html/wikiLegend/dokuwiki/data/pages/start.txt	Warning: current file modification time is older than last revision date
  File revision: 1674807584 2023-01-27 11:19:44
  Last revision: 1674807585 2023-01-27 11:19:45
2023-01-27 12:53:56	/home/a0771324/domains/a0771324.xsph.ru/public_html/wikiLegend/dokuwiki/data/pages/start.txt	Warning: current file modification time is older than last revision date
  File revision: 1674807584 2023-01-27 11:19:44
  Last revision: 1674807585 2023-01-27 11:19:45
2023-01-27 12:54:01	/home/a0771324/domains/a0771324.xsph.ru/public_html/wikiLegend/dokuwiki/data/pages/start.txt	Warning: current file modification time is older than last revision date
  File revision: 1674807584 2023-01-27 11:19:44
  Last revision: 1674807585 2023-01-27 11:19:45
2023-01-27 12:54:01	/home/a0771324/domains/a0771324.xsph.ru/public_html/wikiLegend/dokuwiki/data/pages/start.txt	Warning: current file modification time is older than last revision date
  File revision: 1674807584 2023-01-27 11:19:44
  Last revision: 1674807585 2023-01-27 11:19:45
2023-01-27 12:54:06	/home/a0771324/domains/a0771324.xsph.ru/public_html/wikiLegend/dokuwiki/data/pages/start.txt	Warning: current file modification time is older than last revision date
  File revision: 1674807584 2023-01-27 11:19:44
  Last revision: 1674807585 2023-01-27 11:19:45
2023-01-27 12:54:33	/home/a0771324/domains/a0771324.xsph.ru/public_html/wikiLegend/dokuwiki/data/pages/start.txt	Warning: current file modification time is older than last revision date
  File revision: 1674807584 2023-01-27 11:19:44
  Last revision: 1674807585 2023-01-27 11:19:45
2023-01-27 12:54:36	/home/a0771324/domains/a0771324.xsph.ru/public_html/wikiLegend/dokuwiki/data/pages/start.txt	Warning: current file modification time is older than last revision date
  File revision: 1674807584 2023-01-27 11:19:44
  Last revision: 1674807585 2023-01-27 11:19:45
2023-01-27 12:54:38	/home/a0771324/domains/a0771324.xsph.ru/public_html/wikiLegend/dokuwiki/data/pages/start.txt	Warning: current file modification time is older than last revision date
  File revision: 1674807584 2023-01-27 11:19:44
  Last revision: 1674807585 2023-01-27 11:19:45
2023-01-27 12:54:56	/home/a0771324/domains/a0771324.xsph.ru/public_html/wikiLegend/dokuwiki/data/pages/start.txt	Warning: current file modification time is older than last revision date
  File revision: 1674807584 2023-01-27 11:19:44
  Last revision: 1674807585 2023-01-27 11:19:45
2023-01-27 12:54:58	/home/a0771324/domains/a0771324.xsph.ru/public_html/wikiLegend/dokuwiki/data/pages/start.txt	Warning: current file modification time is older than last revision date
  File revision: 1674807584 2023-01-27 11:19:44
  Last revision: 1674807585 2023-01-27 11:19:45
2023-01-27 12:55:02	/home/a0771324/domains/a0771324.xsph.ru/public_html/wikiLegend/dokuwiki/data/pages/start.txt	Warning: current file modification time is older than last revision date
  File revision: 1674807584 2023-01-27 11:19:44
  Last revision: 1674807585 2023-01-27 11:19:45
2023-01-27 12:55:06	/home/a0771324/domains/a0771324.xsph.ru/public_html/wikiLegend/dokuwiki/data/pages/start.txt	Warning: current file modification time is older than last revision date
  File revision: 1674807584 2023-01-27 11:19:44
  Last revision: 1674807585 2023-01-27 11:19:45
2023-01-27 12:55:06	/home/a0771324/domains/a0771324.xsph.ru/public_html/wikiLegend/dokuwiki/data/pages/start.txt	Warning: current file modification time is older than last revision date
  File revision: 1674807584 2023-01-27 11:19:44
  Last revision: 1674807585 2023-01-27 11:19:45
2023-01-27 12:55:20	/home/a0771324/domains/a0771324.xsph.ru/public_html/wikiLegend/dokuwiki/data/pages/start.txt	Warning: current file modification time is older than last revision date
  File revision: 1674807584 2023-01-27 11:19:44
  Last revision: 1674807585 2023-01-27 11:19:45
2023-01-27 12:55:28	/home/a0771324/domains/a0771324.xsph.ru/public_html/wikiLegend/dokuwiki/data/pages/start.txt	Warning: current file modification time is older than last revision date
  File revision: 1674807584 2023-01-27 11:19:44
  Last revision: 1674807585 2023-01-27 11:19:45
2023-01-27 12:55:29	/home/a0771324/domains/a0771324.xsph.ru/public_html/wikiLegend/dokuwiki/data/pages/start.txt	Warning: current file modification time is older than last revision date
  File revision: 1674807584 2023-01-27 11:19:44
  Last revision: 1674807585 2023-01-27 11:19:45
2023-01-27 12:55:29	/home/a0771324/domains/a0771324.xsph.ru/public_html/wikiLegend/dokuwiki/data/pages/start.txt	Warning: current file modification time is older than last revision date
  File revision: 1674807584 2023-01-27 11:19:44
  Last revision: 1674807585 2023-01-27 11:19:45
2023-01-27 12:55:34	/home/a0771324/domains/a0771324.xsph.ru/public_html/wikiLegend/dokuwiki/data/pages/start.txt	Warning: current file modification time is older than last revision date
  File revision: 1674807584 2023-01-27 11:19:44
  Last revision: 1674807585 2023-01-27 11:19:45
2023-01-27 12:55:36	/home/a0771324/domains/a0771324.xsph.ru/public_html/wikiLegend/dokuwiki/data/pages/start.txt	Warning: current file modification time is older than last revision date
  File revision: 1674807584 2023-01-27 11:19:44
  Last revision: 1674807585 2023-01-27 11:19:45
2023-01-27 12:55:41	/home/a0771324/domains/a0771324.xsph.ru/public_html/wikiLegend/dokuwiki/data/pages/start.txt	Warning: current file modification time is older than last revision date
  File revision: 1674807584 2023-01-27 11:19:44
  Last revision: 1674807585 2023-01-27 11:19:45
2023-01-27 12:56:34	/home/a0771324/domains/a0771324.xsph.ru/public_html/wikiLegend/dokuwiki/data/pages/start.txt	Warning: current file modification time is older than last revision date
  File revision: 1674807584 2023-01-27 11:19:44
  Last revision: 1674807585 2023-01-27 11:19:45
2023-01-27 12:56:57	/home/a0771324/domains/a0771324.xsph.ru/public_html/wikiLegend/dokuwiki/data/pages/start.txt	Warning: current file modification time is older than last revision date
  File revision: 1674807584 2023-01-27 11:19:44
  Last revision: 1674807585 2023-01-27 11:19:45
2023-01-27 12:56:59	/home/a0771324/domains/a0771324.xsph.ru/public_html/wikiLegend/dokuwiki/data/pages/start.txt	Warning: current file modification time is older than last revision date
  File revision: 1674807584 2023-01-27 11:19:44
  Last revision: 1674807585 2023-01-27 11:19:45
2023-01-27 12:57:05	/home/a0771324/domains/a0771324.xsph.ru/public_html/wikiLegend/dokuwiki/data/pages/start.txt	Warning: current file modification time is older than last revision date
  File revision: 1674807584 2023-01-27 11:19:44
  Last revision: 1674807585 2023-01-27 11:19:45
2023-01-27 12:57:05	/home/a0771324/domains/a0771324.xsph.ru/public_html/wikiLegend/dokuwiki/data/pages/start.txt	Warning: current file modification time is older than last revision date
  File revision: 1674807584 2023-01-27 11:19:44
  Last revision: 1674807585 2023-01-27 11:19:45
2023-01-27 12:57:41	/home/a0771324/domains/a0771324.xsph.ru/public_html/wikiLegend/dokuwiki/data/pages/start.txt	Warning: current file modification time is older than last revision date
  File revision: 1674807584 2023-01-27 11:19:44
  Last revision: 1674807585 2023-01-27 11:19:45
2023-01-27 12:57:49	/home/a0771324/domains/a0771324.xsph.ru/public_html/wikiLegend/dokuwiki/data/pages/start.txt	Warning: current file modification time is older than last revision date
  File revision: 1674807584 2023-01-27 11:19:44
  Last revision: 1674807585 2023-01-27 11:19:45
2023-01-27 12:58:09	/home/a0771324/domains/a0771324.xsph.ru/public_html/wikiLegend/dokuwiki/data/pages/start.txt	Warning: current file modification time is older than last revision date
  File revision: 1674807584 2023-01-27 11:19:44
  Last revision: 1674807585 2023-01-27 11:19:45
2023-01-27 12:58:28	/home/a0771324/domains/a0771324.xsph.ru/public_html/wikiLegend/dokuwiki/data/pages/start.txt	Warning: current file modification time is older than last revision date
  File revision: 1674807584 2023-01-27 11:19:44
  Last revision: 1674807585 2023-01-27 11:19:45
2023-01-27 12:58:33	/home/a0771324/domains/a0771324.xsph.ru/public_html/wikiLegend/dokuwiki/data/pages/start.txt	Warning: current file modification time is older than last revision date
  File revision: 1674807584 2023-01-27 11:19:44
  Last revision: 1674807585 2023-01-27 11:19:45
2023-01-27 12:58:43	/home/a0771324/domains/a0771324.xsph.ru/public_html/wikiLegend/dokuwiki/data/pages/start.txt	Warning: current file modification time is older than last revision date
  File revision: 1674807584 2023-01-27 11:19:44
  Last revision: 1674807585 2023-01-27 11:19:45
2023-01-27 12:58:46	/home/a0771324/domains/a0771324.xsph.ru/public_html/wikiLegend/dokuwiki/data/pages/start.txt	Warning: current file modification time is older than last revision date
  File revision: 1674807584 2023-01-27 11:19:44
  Last revision: 1674807585 2023-01-27 11:19:45
2023-01-27 12:58:46	/home/a0771324/domains/a0771324.xsph.ru/public_html/wikiLegend/dokuwiki/data/pages/start.txt	Warning: current file modification time is older than last revision date
  File revision: 1674807584 2023-01-27 11:19:44
  Last revision: 1674807585 2023-01-27 11:19:45
2023-01-27 12:58:47	/home/a0771324/domains/a0771324.xsph.ru/public_html/wikiLegend/dokuwiki/data/pages/start.txt	Warning: current file modification time is older than last revision date
  File revision: 1674807584 2023-01-27 11:19:44
  Last revision: 1674807585 2023-01-27 11:19:45
2023-01-27 12:58:56	/home/a0771324/domains/a0771324.xsph.ru/public_html/wikiLegend/dokuwiki/data/pages/start.txt	Warning: current file modification time is older than last revision date
  File revision: 1674807584 2023-01-27 11:19:44
  Last revision: 1674807585 2023-01-27 11:19:45
2023-01-27 12:59:01	/home/a0771324/domains/a0771324.xsph.ru/public_html/wikiLegend/dokuwiki/data/pages/start.txt	Warning: current file modification time is older than last revision date
  File revision: 1674807584 2023-01-27 11:19:44
  Last revision: 1674807585 2023-01-27 11:19:45
2023-01-27 12:59:01	/home/a0771324/domains/a0771324.xsph.ru/public_html/wikiLegend/dokuwiki/data/pages/start.txt	Warning: current file modification time is older than last revision date
  File revision: 1674807584 2023-01-27 11:19:44
  Last revision: 1674807585 2023-01-27 11:19:45
2023-01-27 12:59:03	/home/a0771324/domains/a0771324.xsph.ru/public_html/wikiLegend/dokuwiki/data/pages/start.txt	Warning: current file modification time is older than last revision date
  File revision: 1674807584 2023-01-27 11:19:44
  Last revision: 1674807585 2023-01-27 11:19:45
2023-01-27 12:59:06	/home/a0771324/domains/a0771324.xsph.ru/public_html/wikiLegend/dokuwiki/data/pages/start.txt	Warning: current file modification time is older than last revision date
  File revision: 1674807584 2023-01-27 11:19:44
  Last revision: 1674807585 2023-01-27 11:19:45
2023-01-27 12:59:07	/home/a0771324/domains/a0771324.xsph.ru/public_html/wikiLegend/dokuwiki/data/pages/start.txt	Warning: current file modification time is older than last revision date
  File revision: 1674807584 2023-01-27 11:19:44
  Last revision: 1674807585 2023-01-27 11:19:45
2023-01-27 12:59:11	/home/a0771324/domains/a0771324.xsph.ru/public_html/wikiLegend/dokuwiki/data/pages/start.txt	Warning: current file modification time is older than last revision date
  File revision: 1674807584 2023-01-27 11:19:44
  Last revision: 1674807585 2023-01-27 11:19:45
2023-01-27 12:59:18	/home/a0771324/domains/a0771324.xsph.ru/public_html/wikiLegend/dokuwiki/data/pages/start.txt	Warning: current file modification time is older than last revision date
  File revision: 1674807584 2023-01-27 11:19:44
  Last revision: 1674807585 2023-01-27 11:19:45
2023-01-27 12:59:22	/home/a0771324/domains/a0771324.xsph.ru/public_html/wikiLegend/dokuwiki/data/pages/start.txt	Warning: current file modification time is older than last revision date
  File revision: 1674807584 2023-01-27 11:19:44
  Last revision: 1674807585 2023-01-27 11:19:45
2023-01-27 12:59:23	/home/a0771324/domains/a0771324.xsph.ru/public_html/wikiLegend/dokuwiki/data/pages/start.txt	Warning: current file modification time is older than last revision date
  File revision: 1674807584 2023-01-27 11:19:44
  Last revision: 1674807585 2023-01-27 11:19:45
2023-01-27 12:59:29	/home/a0771324/domains/a0771324.xsph.ru/public_html/wikiLegend/dokuwiki/data/pages/start.txt	Warning: current file modification time is older than last revision date
  File revision: 1674807584 2023-01-27 11:19:44
  Last revision: 1674807585 2023-01-27 11:19:45
2023-01-27 12:59:31	/home/a0771324/domains/a0771324.xsph.ru/public_html/wikiLegend/dokuwiki/data/pages/start.txt	Warning: current file modification time is older than last revision date
  File revision: 1674807584 2023-01-27 11:19:44
  Last revision: 1674807585 2023-01-27 11:19:45
2023-01-27 12:59:34	/home/a0771324/domains/a0771324.xsph.ru/public_html/wikiLegend/dokuwiki/data/pages/start.txt	Warning: current file modification time is older than last revision date
  File revision: 1674807584 2023-01-27 11:19:44
  Last revision: 1674807585 2023-01-27 11:19:45
2023-01-27 12:59:41	/home/a0771324/domains/a0771324.xsph.ru/public_html/wikiLegend/dokuwiki/data/pages/start.txt	Warning: current file modification time is older than last revision date
  File revision: 1674807584 2023-01-27 11:19:44
  Last revision: 1674807585 2023-01-27 11:19:45
2023-01-27 12:59:50	/home/a0771324/domains/a0771324.xsph.ru/public_html/wikiLegend/dokuwiki/data/pages/start.txt	Warning: current file modification time is older than last revision date
  File revision: 1674807584 2023-01-27 11:19:44
  Last revision: 1674807585 2023-01-27 11:19:45
2023-01-27 12:59:54	/home/a0771324/domains/a0771324.xsph.ru/public_html/wikiLegend/dokuwiki/data/pages/start.txt	Warning: current file modification time is older than last revision date
  File revision: 1674807584 2023-01-27 11:19:44
  Last revision: 1674807585 2023-01-27 11:19:45
2023-01-27 12:59:59	/home/a0771324/domains/a0771324.xsph.ru/public_html/wikiLegend/dokuwiki/data/pages/start.txt	Warning: current file modification time is older than last revision date
  File revision: 1674807584 2023-01-27 11:19:44
  Last revision: 1674807585 2023-01-27 11:19:45
2023-01-27 13:00:03	/home/a0771324/domains/a0771324.xsph.ru/public_html/wikiLegend/dokuwiki/data/pages/start.txt	Warning: current file modification time is older than last revision date
  File revision: 1674807584 2023-01-27 11:19:44
  Last revision: 1674807585 2023-01-27 11:19:45
2023-01-27 13:00:21	/home/a0771324/domains/a0771324.xsph.ru/public_html/wikiLegend/dokuwiki/data/pages/start.txt	Warning: current file modification time is older than last revision date
  File revision: 1674807584 2023-01-27 11:19:44
  Last revision: 1674807585 2023-01-27 11:19:45
2023-01-27 13:00:34	/home/a0771324/domains/a0771324.xsph.ru/public_html/wikiLegend/dokuwiki/data/pages/start.txt	Warning: current file modification time is older than last revision date
  File revision: 1674807584 2023-01-27 11:19:44
  Last revision: 1674807585 2023-01-27 11:19:45
2023-01-27 13:00:34	/home/a0771324/domains/a0771324.xsph.ru/public_html/wikiLegend/dokuwiki/data/pages/start.txt	Warning: current file modification time is older than last revision date
  File revision: 1674807584 2023-01-27 11:19:44
  Last revision: 1674807585 2023-01-27 11:19:45
2023-01-27 13:00:42	/home/a0771324/domains/a0771324.xsph.ru/public_html/wikiLegend/dokuwiki/data/pages/start.txt	Warning: current file modification time is older than last revision date
  File revision: 1674807584 2023-01-27 11:19:44
  Last revision: 1674807585 2023-01-27 11:19:45
2023-01-27 13:00:42	/home/a0771324/domains/a0771324.xsph.ru/public_html/wikiLegend/dokuwiki/data/pages/start.txt	Warning: current file modification time is older than last revision date
  File revision: 1674807584 2023-01-27 11:19:44
  Last revision: 1674807585 2023-01-27 11:19:45
2023-01-27 13:01:16	/home/a0771324/domains/a0771324.xsph.ru/public_html/wikiLegend/dokuwiki/data/pages/start.txt	Warning: current file modification time is older than last revision date
  File revision: 1674807584 2023-01-27 11:19:44
  Last revision: 1674807585 2023-01-27 11:19:45
2023-01-27 13:01:34	/home/a0771324/domains/a0771324.xsph.ru/public_html/wikiLegend/dokuwiki/data/pages/start.txt	Warning: current file modification time is older than last revision date
  File revision: 1674807584 2023-01-27 11:19:44
  Last revision: 1674807585 2023-01-27 11:19:45
2023-01-27 13:01:42	/home/a0771324/domains/a0771324.xsph.ru/public_html/wikiLegend/dokuwiki/data/pages/start.txt	Warning: current file modification time is older than last revision date
  File revision: 1674807584 2023-01-27 11:19:44
  Last revision: 1674807585 2023-01-27 11:19:45
2023-01-27 13:01:56	/home/a0771324/domains/a0771324.xsph.ru/public_html/wikiLegend/dokuwiki/data/pages/start.txt	Warning: current file modification time is older than last revision date
  File revision: 1674807584 2023-01-27 11:19:44
  Last revision: 1674807585 2023-01-27 11:19:45
2023-01-27 13:02:05	/home/a0771324/domains/a0771324.xsph.ru/public_html/wikiLegend/dokuwiki/data/pages/start.txt	Warning: current file modification time is older than last revision date
  File revision: 1674807584 2023-01-27 11:19:44
  Last revision: 1674807585 2023-01-27 11:19:45
2023-01-27 13:02:11	/home/a0771324/domains/a0771324.xsph.ru/public_html/wikiLegend/dokuwiki/data/pages/start.txt	Warning: current file modification time is older than last revision date
  File revision: 1674807584 2023-01-27 11:19:44
  Last revision: 1674807585 2023-01-27 11:19:45
2023-01-27 13:03:03	/home/a0771324/domains/a0771324.xsph.ru/public_html/wikiLegend/dokuwiki/data/pages/start.txt	Warning: current file modification time is older than last revision date
  File revision: 1674807584 2023-01-27 11:19:44
  Last revision: 1674807585 2023-01-27 11:19:45
2023-01-27 13:03:09	/home/a0771324/domains/a0771324.xsph.ru/public_html/wikiLegend/dokuwiki/data/pages/start.txt	Warning: current file modification time is older than last revision date
  File revision: 1674807584 2023-01-27 11:19:44
  Last revision: 1674807585 2023-01-27 11:19:45
2023-01-27 13:03:23	/home/a0771324/domains/a0771324.xsph.ru/public_html/wikiLegend/dokuwiki/data/pages/start.txt	Warning: current file modification time is older than last revision date
  File revision: 1674807584 2023-01-27 11:19:44
  Last revision: 1674807585 2023-01-27 11:19:45
2023-01-27 13:03:35	/home/a0771324/domains/a0771324.xsph.ru/public_html/wikiLegend/dokuwiki/data/pages/start.txt	Warning: current file modification time is older than last revision date
  File revision: 1674807584 2023-01-27 11:19:44
  Last revision: 1674807585 2023-01-27 11:19:45
2023-01-27 13:03:36	/home/a0771324/domains/a0771324.xsph.ru/public_html/wikiLegend/dokuwiki/data/pages/start.txt	Warning: current file modification time is older than last revision date
  File revision: 1674807584 2023-01-27 11:19:44
  Last revision: 1674807585 2023-01-27 11:19:45
2023-01-27 13:03:39	/home/a0771324/domains/a0771324.xsph.ru/public_html/wikiLegend/dokuwiki/data/pages/start.txt	Warning: current file modification time is older than last revision date
  File revision: 1674807584 2023-01-27 11:19:44
  Last revision: 1674807585 2023-01-27 11:19:45
2023-01-27 13:03:53	/home/a0771324/domains/a0771324.xsph.ru/public_html/wikiLegend/dokuwiki/data/pages/start.txt	Warning: current file modification time is older than last revision date
  File revision: 1674807584 2023-01-27 11:19:44
  Last revision: 1674807585 2023-01-27 11:19:45
2023-01-27 13:03:59	/home/a0771324/domains/a0771324.xsph.ru/public_html/wikiLegend/dokuwiki/data/pages/start.txt	Warning: current file modification time is older than last revision date
  File revision: 1674807584 2023-01-27 11:19:44
  Last revision: 1674807585 2023-01-27 11:19:45
2023-01-27 13:04:00	/home/a0771324/domains/a0771324.xsph.ru/public_html/wikiLegend/dokuwiki/data/pages/start.txt	Warning: current file modification time is older than last revision date
  File revision: 1674807584 2023-01-27 11:19:44
  Last revision: 1674807585 2023-01-27 11:19:45
2023-01-27 13:04:08	/home/a0771324/domains/a0771324.xsph.ru/public_html/wikiLegend/dokuwiki/data/pages/start.txt	Warning: current file modification time is older than last revision date
  File revision: 1674807584 2023-01-27 11:19:44
  Last revision: 1674807585 2023-01-27 11:19:45
2023-01-27 13:04:18	/home/a0771324/domains/a0771324.xsph.ru/public_html/wikiLegend/dokuwiki/data/pages/start.txt	Warning: current file modification time is older than last revision date
  File revision: 1674807584 2023-01-27 11:19:44
  Last revision: 1674807585 2023-01-27 11:19:45
2023-01-27 13:04:20	/home/a0771324/domains/a0771324.xsph.ru/public_html/wikiLegend/dokuwiki/data/pages/start.txt	Warning: current file modification time is older than last revision date
  File revision: 1674807584 2023-01-27 11:19:44
  Last revision: 1674807585 2023-01-27 11:19:45
2023-01-27 13:04:21	/home/a0771324/domains/a0771324.xsph.ru/public_html/wikiLegend/dokuwiki/data/pages/start.txt	Warning: current file modification time is older than last revision date
  File revision: 1674807584 2023-01-27 11:19:44
  Last revision: 1674807585 2023-01-27 11:19:45
2023-01-27 13:04:27	/home/a0771324/domains/a0771324.xsph.ru/public_html/wikiLegend/dokuwiki/data/pages/start.txt	Warning: current file modification time is older than last revision date
  File revision: 1674807584 2023-01-27 11:19:44
  Last revision: 1674807585 2023-01-27 11:19:45
2023-01-27 13:04:27	/home/a0771324/domains/a0771324.xsph.ru/public_html/wikiLegend/dokuwiki/data/pages/%D0%B8%D1%81%D1%82%D0%BE%D1%80%D0%B8%D1%8F.txt	Warning: current file modification time is older than last revision date
  File revision: 1674818746 2023-01-27 14:25:46
  Last revision: 1674818747 2023-01-27 14:25:47
2023-01-27 13:04:27	/home/a0771324/domains/a0771324.xsph.ru/public_html/wikiLegend/dokuwiki/data/media/hful76x4hni.jpg	Warning: current file modification time is older than last revision date
  File revision: 1674817168 2023-01-27 13:59:28
  Last revision: 1674817169 2023-01-27 13:59:29
2023-01-27 13:04:27	/home/a0771324/domains/a0771324.xsph.ru/public_html/wikiLegend/dokuwiki/data/media/%D0%B6%D0%B0%D0%B6%D0%B4%D0%B0_.mp4	Warning: current file modification time is older than last revision date
  File revision: 1674816330 2023-01-27 13:45:30
  Last revision: 1674816331 2023-01-27 13:45:31
2023-01-27 13:04:29	/home/a0771324/domains/a0771324.xsph.ru/public_html/wikiLegend/dokuwiki/data/pages/start.txt	Warning: current file modification time is older than last revision date
  File revision: 1674807584 2023-01-27 11:19:44
  Last revision: 1674807585 2023-01-27 11:19:45
2023-01-27 13:04:35	/home/a0771324/domains/a0771324.xsph.ru/public_html/wikiLegend/dokuwiki/data/pages/start.txt	Warning: current file modification time is older than last revision date
  File revision: 1674807584 2023-01-27 11:19:44
  Last revision: 1674807585 2023-01-27 11:19:45
2023-01-27 13:04:43	/home/a0771324/domains/a0771324.xsph.ru/public_html/wikiLegend/dokuwiki/data/pages/start.txt	Warning: current file modification time is older than last revision date
  File revision: 1674807584 2023-01-27 11:19:44
  Last revision: 1674807585 2023-01-27 11:19:45
2023-01-27 13:04:45	/home/a0771324/domains/a0771324.xsph.ru/public_html/wikiLegend/dokuwiki/data/pages/start.txt	Warning: current file modification time is older than last revision date
  File revision: 1674807584 2023-01-27 11:19:44
  Last revision: 1674807585 2023-01-27 11:19:45
2023-01-27 13:04:48	/home/a0771324/domains/a0771324.xsph.ru/public_html/wikiLegend/dokuwiki/data/pages/start.txt	Warning: current file modification time is older than last revision date
  File revision: 1674807584 2023-01-27 11:19:44
  Last revision: 1674807585 2023-01-27 11:19:45
2023-01-27 13:04:50	/home/a0771324/domains/a0771324.xsph.ru/public_html/wikiLegend/dokuwiki/data/pages/start.txt	Warning: current file modification time is older than last revision date
  File revision: 1674807584 2023-01-27 11:19:44
  Last revision: 1674807585 2023-01-27 11:19:45
2023-01-27 13:04:52	/home/a0771324/domains/a0771324.xsph.ru/public_html/wikiLegend/dokuwiki/data/pages/start.txt	Warning: current file modification time is older than last revision date
  File revision: 1674807584 2023-01-27 11:19:44
  Last revision: 1674807585 2023-01-27 11:19:45
2023-01-27 13:04:52	/home/a0771324/domains/a0771324.xsph.ru/public_html/wikiLegend/dokuwiki/data/pages/start.txt	Warning: current file modification time is older than last revision date
  File revision: 1674807584 2023-01-27 11:19:44
  Last revision: 1674807585 2023-01-27 11:19:45
2023-01-27 13:04:54	/home/a0771324/domains/a0771324.xsph.ru/public_html/wikiLegend/dokuwiki/data/pages/start.txt	Warning: current file modification time is older than last revision date
  File revision: 1674807584 2023-01-27 11:19:44
  Last revision: 1674807585 2023-01-27 11:19:45
2023-01-27 13:04:55	/home/a0771324/domains/a0771324.xsph.ru/public_html/wikiLegend/dokuwiki/data/pages/start.txt	Warning: current file modification time is older than last revision date
  File revision: 1674807584 2023-01-27 11:19:44
  Last revision: 1674807585 2023-01-27 11:19:45
2023-01-27 13:04:59	/home/a0771324/domains/a0771324.xsph.ru/public_html/wikiLegend/dokuwiki/data/pages/start.txt	Warning: current file modification time is older than last revision date
  File revision: 1674807584 2023-01-27 11:19:44
  Last revision: 1674807585 2023-01-27 11:19:45
2023-01-27 13:04:59	/home/a0771324/domains/a0771324.xsph.ru/public_html/wikiLegend/dokuwiki/data/pages/%D0%B8%D1%81%D1%82%D0%BE%D1%80%D0%B8%D1%8F.txt	Warning: current file modification time is older than last revision date
  File revision: 1674818746 2023-01-27 14:25:46
  Last revision: 1674818747 2023-01-27 14:25:47
2023-01-27 13:04:59	/home/a0771324/domains/a0771324.xsph.ru/public_html/wikiLegend/dokuwiki/data/media/hful76x4hni.jpg	Warning: current file modification time is older than last revision date
  File revision: 1674817168 2023-01-27 13:59:28
  Last revision: 1674817169 2023-01-27 13:59:29
2023-01-27 13:04:59	/home/a0771324/domains/a0771324.xsph.ru/public_html/wikiLegend/dokuwiki/data/media/%D0%B6%D0%B0%D0%B6%D0%B4%D0%B0_.mp4	Warning: current file modification time is older than last revision date
  File revision: 1674816330 2023-01-27 13:45:30
  Last revision: 1674816331 2023-01-27 13:45:31
2023-01-27 13:05:03	/home/a0771324/domains/a0771324.xsph.ru/public_html/wikiLegend/dokuwiki/data/pages/start.txt	Warning: current file modification time is older than last revision date
  File revision: 1674807584 2023-01-27 11:19:44
  Last revision: 1674807585 2023-01-27 11:19:45
2023-01-27 13:05:05	/home/a0771324/domains/a0771324.xsph.ru/public_html/wikiLegend/dokuwiki/data/pages/start.txt	Warning: current file modification time is older than last revision date
  File revision: 1674807584 2023-01-27 11:19:44
  Last revision: 1674807585 2023-01-27 11:19:45
2023-01-27 13:05:17	/home/a0771324/domains/a0771324.xsph.ru/public_html/wikiLegend/dokuwiki/data/pages/start.txt	Warning: current file modification time is older than last revision date
  File revision: 1674807584 2023-01-27 11:19:44
  Last revision: 1674807585 2023-01-27 11:19:45
2023-01-27 13:05:21	/home/a0771324/domains/a0771324.xsph.ru/public_html/wikiLegend/dokuwiki/data/pages/start.txt	Warning: current file modification time is older than last revision date
  File revision: 1674807584 2023-01-27 11:19:44
  Last revision: 1674807585 2023-01-27 11:19:45
2023-01-27 13:05:28	/home/a0771324/domains/a0771324.xsph.ru/public_html/wikiLegend/dokuwiki/data/pages/start.txt	Warning: current file modification time is older than last revision date
  File revision: 1674807584 2023-01-27 11:19:44
  Last revision: 1674807585 2023-01-27 11:19:45
2023-01-27 13:05:36	/home/a0771324/domains/a0771324.xsph.ru/public_html/wikiLegend/dokuwiki/data/pages/start.txt	Warning: current file modification time is older than last revision date
  File revision: 1674807584 2023-01-27 11:19:44
  Last revision: 1674807585 2023-01-27 11:19:45
2023-01-27 13:05:38	/home/a0771324/domains/a0771324.xsph.ru/public_html/wikiLegend/dokuwiki/data/pages/start.txt	Warning: current file modification time is older than last revision date
  File revision: 1674807584 2023-01-27 11:19:44
  Last revision: 1674807585 2023-01-27 11:19:45
2023-01-27 13:05:42	/home/a0771324/domains/a0771324.xsph.ru/public_html/wikiLegend/dokuwiki/data/pages/start.txt	Warning: current file modification time is older than last revision date
  File revision: 1674807584 2023-01-27 11:19:44
  Last revision: 1674807585 2023-01-27 11:19:45
2023-01-27 13:05:52	/home/a0771324/domains/a0771324.xsph.ru/public_html/wikiLegend/dokuwiki/data/pages/start.txt	Warning: current file modification time is older than last revision date
  File revision: 1674807584 2023-01-27 11:19:44
  Last revision: 1674807585 2023-01-27 11:19:45
2023-01-27 13:05:53	/home/a0771324/domains/a0771324.xsph.ru/public_html/wikiLegend/dokuwiki/data/pages/start.txt	Warning: current file modification time is older than last revision date
  File revision: 1674807584 2023-01-27 11:19:44
  Last revision: 1674807585 2023-01-27 11:19:45
2023-01-27 13:06:06	/home/a0771324/domains/a0771324.xsph.ru/public_html/wikiLegend/dokuwiki/data/pages/start.txt	Warning: current file modification time is older than last revision date
  File revision: 1674807584 2023-01-27 11:19:44
  Last revision: 1674807585 2023-01-27 11:19:45
2023-01-27 13:06:10	/home/a0771324/domains/a0771324.xsph.ru/public_html/wikiLegend/dokuwiki/data/pages/start.txt	Warning: current file modification time is older than last revision date
  File revision: 1674807584 2023-01-27 11:19:44
  Last revision: 1674807585 2023-01-27 11:19:45
2023-01-27 13:06:10	/home/a0771324/domains/a0771324.xsph.ru/public_html/wikiLegend/dokuwiki/data/pages/start.txt	Warning: current file modification time is older than last revision date
  File revision: 1674807584 2023-01-27 11:19:44
  Last revision: 1674807585 2023-01-27 11:19:45
2023-01-27 13:06:11	/home/a0771324/domains/a0771324.xsph.ru/public_html/wikiLegend/dokuwiki/data/pages/start.txt	Warning: current file modification time is older than last revision date
  File revision: 1674807584 2023-01-27 11:19:44
  Last revision: 1674807585 2023-01-27 11:19:45
2023-01-27 13:06:23	/home/a0771324/domains/a0771324.xsph.ru/public_html/wikiLegend/dokuwiki/data/pages/start.txt	Warning: current file modification time is older than last revision date
  File revision: 1674807584 2023-01-27 11:19:44
  Last revision: 1674807585 2023-01-27 11:19:45
2023-01-27 13:06:27	/home/a0771324/domains/a0771324.xsph.ru/public_html/wikiLegend/dokuwiki/data/pages/start.txt	Warning: current file modification time is older than last revision date
  File revision: 1674807584 2023-01-27 11:19:44
  Last revision: 1674807585 2023-01-27 11:19:45
2023-01-27 13:06:28	/home/a0771324/domains/a0771324.xsph.ru/public_html/wikiLegend/dokuwiki/data/pages/start.txt	Warning: current file modification time is older than last revision date
  File revision: 1674807584 2023-01-27 11:19:44
  Last revision: 1674807585 2023-01-27 11:19:45
2023-01-27 13:06:36	/home/a0771324/domains/a0771324.xsph.ru/public_html/wikiLegend/dokuwiki/data/pages/start.txt	Warning: current file modification time is older than last revision date
  File revision: 1674807584 2023-01-27 11:19:44
  Last revision: 1674807585 2023-01-27 11:19:45
2023-01-27 13:06:37	/home/a0771324/domains/a0771324.xsph.ru/public_html/wikiLegend/dokuwiki/data/pages/start.txt	Warning: current file modification time is older than last revision date
  File revision: 1674807584 2023-01-27 11:19:44
  Last revision: 1674807585 2023-01-27 11:19:45
2023-01-27 13:06:39	/home/a0771324/domains/a0771324.xsph.ru/public_html/wikiLegend/dokuwiki/data/pages/start.txt	Warning: current file modification time is older than last revision date
  File revision: 1674807584 2023-01-27 11:19:44
  Last revision: 1674807585 2023-01-27 11:19:45
2023-01-27 13:06:41	/home/a0771324/domains/a0771324.xsph.ru/public_html/wikiLegend/dokuwiki/data/pages/start.txt	Warning: current file modification time is older than last revision date
  File revision: 1674807584 2023-01-27 11:19:44
  Last revision: 1674807585 2023-01-27 11:19:45
2023-01-27 13:06:53	/home/a0771324/domains/a0771324.xsph.ru/public_html/wikiLegend/dokuwiki/data/pages/start.txt	Warning: current file modification time is older than last revision date
  File revision: 1674807584 2023-01-27 11:19:44
  Last revision: 1674807585 2023-01-27 11:19:45
2023-01-27 13:06:56	/home/a0771324/domains/a0771324.xsph.ru/public_html/wikiLegend/dokuwiki/data/pages/start.txt	Warning: current file modification time is older than last revision date
  File revision: 1674807584 2023-01-27 11:19:44
  Last revision: 1674807585 2023-01-27 11:19:45
2023-01-27 13:07:01	/home/a0771324/domains/a0771324.xsph.ru/public_html/wikiLegend/dokuwiki/data/pages/start.txt	Warning: current file modification time is older than last revision date
  File revision: 1674807584 2023-01-27 11:19:44
  Last revision: 1674807585 2023-01-27 11:19:45
2023-01-27 13:07:06	/home/a0771324/domains/a0771324.xsph.ru/public_html/wikiLegend/dokuwiki/data/pages/start.txt	Warning: current file modification time is older than last revision date
  File revision: 1674807584 2023-01-27 11:19:44
  Last revision: 1674807585 2023-01-27 11:19:45
2023-01-27 13:07:07	/home/a0771324/domains/a0771324.xsph.ru/public_html/wikiLegend/dokuwiki/data/pages/start.txt	Warning: current file modification time is older than last revision date
  File revision: 1674807584 2023-01-27 11:19:44
  Last revision: 1674807585 2023-01-27 11:19:45
2023-01-27 13:07:16	/home/a0771324/domains/a0771324.xsph.ru/public_html/wikiLegend/dokuwiki/data/pages/start.txt	Warning: current file modification time is older than last revision date
  File revision: 1674807584 2023-01-27 11:19:44
  Last revision: 1674807585 2023-01-27 11:19:45
2023-01-27 13:07:18	/home/a0771324/domains/a0771324.xsph.ru/public_html/wikiLegend/dokuwiki/data/pages/start.txt	Warning: current file modification time is older than last revision date
  File revision: 1674807584 2023-01-27 11:19:44
  Last revision: 1674807585 2023-01-27 11:19:45
2023-01-27 13:07:20	/home/a0771324/domains/a0771324.xsph.ru/public_html/wikiLegend/dokuwiki/data/pages/start.txt	Warning: current file modification time is older than last revision date
  File revision: 1674807584 2023-01-27 11:19:44
  Last revision: 1674807585 2023-01-27 11:19:45
2023-01-27 13:07:31	/home/a0771324/domains/a0771324.xsph.ru/public_html/wikiLegend/dokuwiki/data/pages/start.txt	Warning: current file modification time is older than last revision date
  File revision: 1674807584 2023-01-27 11:19:44
  Last revision: 1674807585 2023-01-27 11:19:45
2023-01-27 13:07:33	/home/a0771324/domains/a0771324.xsph.ru/public_html/wikiLegend/dokuwiki/data/pages/start.txt	Warning: current file modification time is older than last revision date
  File revision: 1674807584 2023-01-27 11:19:44
  Last revision: 1674807585 2023-01-27 11:19:45
2023-01-27 13:07:35	/home/a0771324/domains/a0771324.xsph.ru/public_html/wikiLegend/dokuwiki/data/pages/start.txt	Warning: current file modification time is older than last revision date
  File revision: 1674807584 2023-01-27 11:19:44
  Last revision: 1674807585 2023-01-27 11:19:45
2023-01-27 13:07:36	/home/a0771324/domains/a0771324.xsph.ru/public_html/wikiLegend/dokuwiki/data/pages/start.txt	Warning: current file modification time is older than last revision date
  File revision: 1674807584 2023-01-27 11:19:44
  Last revision: 1674807585 2023-01-27 11:19:45
2023-01-27 13:07:56	/home/a0771324/domains/a0771324.xsph.ru/public_html/wikiLegend/dokuwiki/data/pages/start.txt	Warning: current file modification time is older than last revision date
  File revision: 1674807584 2023-01-27 11:19:44
  Last revision: 1674807585 2023-01-27 11:19:45
2023-01-27 13:08:02	/home/a0771324/domains/a0771324.xsph.ru/public_html/wikiLegend/dokuwiki/data/pages/start.txt	Warning: current file modification time is older than last revision date
  File revision: 1674807584 2023-01-27 11:19:44
  Last revision: 1674807585 2023-01-27 11:19:45
2023-01-27 13:08:21	/home/a0771324/domains/a0771324.xsph.ru/public_html/wikiLegend/dokuwiki/data/pages/%D0%B8%D1%81%D1%82%D0%BE%D1%80%D0%B8%D1%8F.txt	Warning: current file modification time is older than last revision date
  File revision: 1674818746 2023-01-27 14:25:46
  Last revision: 1674818747 2023-01-27 14:25:47
2023-01-27 13:08:24	/home/a0771324/domains/a0771324.xsph.ru/public_html/wikiLegend/dokuwiki/data/pages/start.txt	Warning: current file modification time is older than last revision date
  File revision: 1674807584 2023-01-27 11:19:44
  Last revision: 1674807585 2023-01-27 11:19:45
2023-01-27 13:08:35	/home/a0771324/domains/a0771324.xsph.ru/public_html/wikiLegend/dokuwiki/data/pages/%D0%B8%D1%81%D1%82%D0%BE%D1%80%D0%B8%D1%8F.txt	Warning: current file modification time is older than last revision date
  File revision: 1674818746 2023-01-27 14:25:46
  Last revision: 1674818747 2023-01-27 14:25:47
2023-01-27 13:08:37	/home/a0771324/domains/a0771324.xsph.ru/public_html/wikiLegend/dokuwiki/data/pages/start.txt	Warning: current file modification time is older than last revision date
  File revision: 1674807584 2023-01-27 11:19:44
  Last revision: 1674807585 2023-01-27 11:19:45
2023-01-27 13:08:39	/home/a0771324/domains/a0771324.xsph.ru/public_html/wikiLegend/dokuwiki/data/pages/start.txt	Warning: current file modification time is older than last revision date
  File revision: 1674807584 2023-01-27 11:19:44
  Last revision: 1674807585 2023-01-27 11:19:45
2023-01-27 13:09:03	/home/a0771324/domains/a0771324.xsph.ru/public_html/wikiLegend/dokuwiki/data/pages/start.txt	Warning: current file modification time is older than last revision date
  File revision: 1674807584 2023-01-27 11:19:44
  Last revision: 1674807585 2023-01-27 11:19:45
2023-01-27 13:09:13	/home/a0771324/domains/a0771324.xsph.ru/public_html/wikiLegend/dokuwiki/data/pages/start.txt	Warning: current file modification time is older than last revision date
  File revision: 1674807584 2023-01-27 11:19:44
  Last revision: 1674807585 2023-01-27 11:19:45
2023-01-27 13:09:15	/home/a0771324/domains/a0771324.xsph.ru/public_html/wikiLegend/dokuwiki/data/pages/start.txt	Warning: current file modification time is older than last revision date
  File revision: 1674807584 2023-01-27 11:19:44
  Last revision: 1674807585 2023-01-27 11:19:45
2023-01-27 13:09:24	/home/a0771324/domains/a0771324.xsph.ru/public_html/wikiLegend/dokuwiki/data/pages/start.txt	Warning: current file modification time is older than last revision date
  File revision: 1674807584 2023-01-27 11:19:44
  Last revision: 1674807585 2023-01-27 11:19:45
2023-01-27 13:09:25	/home/a0771324/domains/a0771324.xsph.ru/public_html/wikiLegend/dokuwiki/data/pages/start.txt	Warning: current file modification time is older than last revision date
  File revision: 1674807584 2023-01-27 11:19:44
  Last revision: 1674807585 2023-01-27 11:19:45
2023-01-27 13:09:29	/home/a0771324/domains/a0771324.xsph.ru/public_html/wikiLegend/dokuwiki/data/pages/start.txt	Warning: current file modification time is older than last revision date
  File revision: 1674807584 2023-01-27 11:19:44
  Last revision: 1674807585 2023-01-27 11:19:45
2023-01-27 13:09:29	/home/a0771324/domains/a0771324.xsph.ru/public_html/wikiLegend/dokuwiki/data/pages/start.txt	Warning: current file modification time is older than last revision date
  File revision: 1674807584 2023-01-27 11:19:44
  Last revision: 1674807585 2023-01-27 11:19:45
2023-01-27 13:09:30	/home/a0771324/domains/a0771324.xsph.ru/public_html/wikiLegend/dokuwiki/data/pages/start.txt	Warning: current file modification time is older than last revision date
  File revision: 1674807584 2023-01-27 11:19:44
  Last revision: 1674807585 2023-01-27 11:19:45
2023-01-27 13:09:32	/home/a0771324/domains/a0771324.xsph.ru/public_html/wikiLegend/dokuwiki/data/pages/start.txt	Warning: current file modification time is older than last revision date
  File revision: 1674807584 2023-01-27 11:19:44
  Last revision: 1674807585 2023-01-27 11:19:45
2023-01-27 13:09:32	/home/a0771324/domains/a0771324.xsph.ru/public_html/wikiLegend/dokuwiki/data/pages/start.txt	Warning: current file modification time is older than last revision date
  File revision: 1674807584 2023-01-27 11:19:44
  Last revision: 1674807585 2023-01-27 11:19:45
2023-01-27 13:09:35	/home/a0771324/domains/a0771324.xsph.ru/public_html/wikiLegend/dokuwiki/data/pages/start.txt	Warning: current file modification time is older than last revision date
  File revision: 1674807584 2023-01-27 11:19:44
  Last revision: 1674807585 2023-01-27 11:19:45
2023-01-27 13:09:35	/home/a0771324/domains/a0771324.xsph.ru/public_html/wikiLegend/dokuwiki/data/pages/start.txt	Warning: current file modification time is older than last revision date
  File revision: 1674807584 2023-01-27 11:19:44
  Last revision: 1674807585 2023-01-27 11:19:45
2023-01-27 13:09:44	/home/a0771324/domains/a0771324.xsph.ru/public_html/wikiLegend/dokuwiki/data/pages/start.txt	Warning: current file modification time is older than last revision date
  File revision: 1674807584 2023-01-27 11:19:44
  Last revision: 1674807585 2023-01-27 11:19:45
2023-01-27 13:09:47	/home/a0771324/domains/a0771324.xsph.ru/public_html/wikiLegend/dokuwiki/data/pages/start.txt	Warning: current file modification time is older than last revision date
  File revision: 1674807584 2023-01-27 11:19:44
  Last revision: 1674807585 2023-01-27 11:19:45
2023-01-27 13:09:47	/home/a0771324/domains/a0771324.xsph.ru/public_html/wikiLegend/dokuwiki/data/pages/start.txt	Warning: current file modification time is older than last revision date
  File revision: 1674807584 2023-01-27 11:19:44
  Last revision: 1674807585 2023-01-27 11:19:45
2023-01-27 13:09:49	/home/a0771324/domains/a0771324.xsph.ru/public_html/wikiLegend/dokuwiki/data/pages/start.txt	Warning: current file modification time is older than last revision date
  File revision: 1674807584 2023-01-27 11:19:44
  Last revision: 1674807585 2023-01-27 11:19:45
2023-01-27 13:09:50	/home/a0771324/domains/a0771324.xsph.ru/public_html/wikiLegend/dokuwiki/data/pages/start.txt	Warning: current file modification time is older than last revision date
  File revision: 1674807584 2023-01-27 11:19:44
  Last revision: 1674807585 2023-01-27 11:19:45
2023-01-27 13:09:50	/home/a0771324/domains/a0771324.xsph.ru/public_html/wikiLegend/dokuwiki/data/pages/start.txt	Warning: current file modification time is older than last revision date
  File revision: 1674807584 2023-01-27 11:19:44
  Last revision: 1674807585 2023-01-27 11:19:45
2023-01-27 13:10:07	/home/a0771324/domains/a0771324.xsph.ru/public_html/wikiLegend/dokuwiki/data/pages/start.txt	Warning: current file modification time is older than last revision date
  File revision: 1674807584 2023-01-27 11:19:44
  Last revision: 1674807585 2023-01-27 11:19:45
2023-01-27 13:10:22	/home/a0771324/domains/a0771324.xsph.ru/public_html/wikiLegend/dokuwiki/data/pages/start.txt	Warning: current file modification time is older than last revision date
  File revision: 1674807584 2023-01-27 11:19:44
  Last revision: 1674807585 2023-01-27 11:19:45
2023-01-27 13:11:36	/home/a0771324/domains/a0771324.xsph.ru/public_html/wikiLegend/dokuwiki/data/pages/%D0%B8%D1%81%D1%82%D0%BE%D1%80%D0%B8%D1%8F.txt	Warning: current file modification time is older than last revision date
  File revision: 1674818746 2023-01-27 14:25:46
  Last revision: 1674818747 2023-01-27 14:25:47
2023-01-27 13:11:57	/home/a0771324/domains/a0771324.xsph.ru/public_html/wikiLegend/dokuwiki/data/pages/%D0%B8%D1%81%D1%82%D0%BE%D1%80%D0%B8%D1%8F.txt	Warning: current file modification time is older than last revision date
  File revision: 1674818746 2023-01-27 14:25:46
  Last revision: 1674818747 2023-01-27 14:25:47
2023-01-27 13:11:58	/home/a0771324/domains/a0771324.xsph.ru/public_html/wikiLegend/dokuwiki/data/pages/start.txt	Warning: current file modification time is older than last revision date
  File revision: 1674807584 2023-01-27 11:19:44
  Last revision: 1674807585 2023-01-27 11:19:45
2023-01-27 13:12:30	/home/a0771324/domains/a0771324.xsph.ru/public_html/wikiLegend/dokuwiki/data/pages/start.txt	Warning: current file modification time is older than last revision date
  File revision: 1674807584 2023-01-27 11:19:44
  Last revision: 1674807585 2023-01-27 11:19:45
2023-01-27 13:12:38	/home/a0771324/domains/a0771324.xsph.ru/public_html/wikiLegend/dokuwiki/data/pages/start.txt	Warning: current file modification time is older than last revision date
  File revision: 1674807584 2023-01-27 11:19:44
  Last revision: 1674807585 2023-01-27 11:19:45
2023-01-27 13:13:17	/home/a0771324/domains/a0771324.xsph.ru/public_html/wikiLegend/dokuwiki/data/pages/%D0%B8%D1%81%D1%82%D0%BE%D1%80%D0%B8%D1%8F.txt	Warning: current file modification time is older than last revision date
  File revision: 1674818746 2023-01-27 14:25:46
  Last revision: 1674818747 2023-01-27 14:25:47
2023-01-27 13:13:28	/home/a0771324/domains/a0771324.xsph.ru/public_html/wikiLegend/dokuwiki/data/pages/start.txt	Warning: current file modification time is older than last revision date
  File revision: 1674807584 2023-01-27 11:19:44
  Last revision: 1674807585 2023-01-27 11:19:45
2023-01-27 13:13:31	/home/a0771324/domains/a0771324.xsph.ru/public_html/wikiLegend/dokuwiki/data/pages/start.txt	Warning: current file modification time is older than last revision date
  File revision: 1674807584 2023-01-27 11:19:44
  Last revision: 1674807585 2023-01-27 11:19:45
2023-01-27 13:13:45	/home/a0771324/domains/a0771324.xsph.ru/public_html/wikiLegend/dokuwiki/data/pages/start.txt	Warning: current file modification time is older than last revision date
  File revision: 1674807584 2023-01-27 11:19:44
  Last revision: 1674807585 2023-01-27 11:19:45
2023-01-27 13:13:46	/home/a0771324/domains/a0771324.xsph.ru/public_html/wikiLegend/dokuwiki/data/pages/start.txt	Warning: current file modification time is older than last revision date
  File revision: 1674807584 2023-01-27 11:19:44
  Last revision: 1674807585 2023-01-27 11:19:45
2023-01-27 13:15:03	/home/a0771324/domains/a0771324.xsph.ru/public_html/wikiLegend/dokuwiki/data/pages/%D0%B8%D1%81%D1%82%D0%BE%D1%80%D0%B8%D1%8F.txt	Warning: current file modification time is older than last revision date
  File revision: 1674818746 2023-01-27 14:25:46
  Last revision: 1674818747 2023-01-27 14:25:47
2023-01-27 13:15:12	/home/a0771324/domains/a0771324.xsph.ru/public_html/wikiLegend/dokuwiki/data/pages/%D0%B8%D1%81%D1%82%D0%BE%D1%80%D0%B8%D1%8F.txt	Warning: current file modification time is older than last revision date
  File revision: 1674818746 2023-01-27 14:25:46
  Last revision: 1674818747 2023-01-27 14:25:47
2023-01-27 13:15:12	/home/a0771324/domains/a0771324.xsph.ru/public_html/wikiLegend/dokuwiki/data/pages/%D0%B8%D1%81%D1%82%D0%BE%D1%80%D0%B8%D1%8F.txt	Warning: current file modification time is older than last revision date
  File revision: 1674818746 2023-01-27 14:25:46
  Last revision: 1674818747 2023-01-27 14:25:47
2023-01-27 13:15:16	/home/a0771324/domains/a0771324.xsph.ru/public_html/wikiLegend/dokuwiki/data/pages/%D0%B8%D1%81%D1%82%D0%BE%D1%80%D0%B8%D1%8F.txt	Warning: current file modification time is older than last revision date
  File revision: 1674818746 2023-01-27 14:25:46
  Last revision: 1674818747 2023-01-27 14:25:47
2023-01-27 13:15:20	/home/a0771324/domains/a0771324.xsph.ru/public_html/wikiLegend/dokuwiki/data/pages/%D0%B8%D1%81%D1%82%D0%BE%D1%80%D0%B8%D1%8F.txt	Warning: current file modification time is older than last revision date
  File revision: 1674818746 2023-01-27 14:25:46
  Last revision: 1674818747 2023-01-27 14:25:47
2023-01-27 13:15:20	/home/a0771324/domains/a0771324.xsph.ru/public_html/wikiLegend/dokuwiki/data/pages/%D0%B8%D1%81%D1%82%D0%BE%D1%80%D0%B8%D1%8F.txt	Warning: current file modification time is older than last revision date
  File revision: 1674818746 2023-01-27 14:25:46
  Last revision: 1674818747 2023-01-27 14:25:47
2023-01-27 13:15:24	/home/a0771324/domains/a0771324.xsph.ru/public_html/wikiLegend/dokuwiki/data/pages/start.txt	Warning: current file modification time is older than last revision date
  File revision: 1674807584 2023-01-27 11:19:44
  Last revision: 1674807585 2023-01-27 11:19:45
2023-01-27 13:15:28	/home/a0771324/domains/a0771324.xsph.ru/public_html/wikiLegend/dokuwiki/data/pages/start.txt	Warning: current file modification time is older than last revision date
  File revision: 1674807584 2023-01-27 11:19:44
  Last revision: 1674807585 2023-01-27 11:19:45
2023-01-27 13:15:29	/home/a0771324/domains/a0771324.xsph.ru/public_html/wikiLegend/dokuwiki/data/pages/start.txt	Warning: current file modification time is older than last revision date
  File revision: 1674807584 2023-01-27 11:19:44
  Last revision: 1674807585 2023-01-27 11:19:45
2023-01-27 13:15:36	/home/a0771324/domains/a0771324.xsph.ru/public_html/wikiLegend/dokuwiki/data/pages/start.txt	Warning: current file modification time is older than last revision date
  File revision: 1674807584 2023-01-27 11:19:44
  Last revision: 1674807585 2023-01-27 11:19:45
2023-01-27 13:15:39	/home/a0771324/domains/a0771324.xsph.ru/public_html/wikiLegend/dokuwiki/data/pages/start.txt	Warning: current file modification time is older than last revision date
  File revision: 1674807584 2023-01-27 11:19:44
  Last revision: 1674807585 2023-01-27 11:19:45
2023-01-27 13:16:30	/home/a0771324/domains/a0771324.xsph.ru/public_html/wikiLegend/dokuwiki/data/pages/start.txt	Warning: current file modification time is older than last revision date
  File revision: 1674807584 2023-01-27 11:19:44
  Last revision: 1674807585 2023-01-27 11:19:45
2023-01-27 13:17:15	/home/a0771324/domains/a0771324.xsph.ru/public_html/wikiLegend/dokuwiki/data/pages/start.txt	Warning: current file modification time is older than last revision date
  File revision: 1674807584 2023-01-27 11:19:44
  Last revision: 1674807585 2023-01-27 11:19:45
2023-01-27 13:17:15	/home/a0771324/domains/a0771324.xsph.ru/public_html/wikiLegend/dokuwiki/data/pages/%D0%B8%D1%81%D1%82%D0%BE%D1%80%D0%B8%D1%8F.txt	Warning: current file modification time is older than last revision date
  File revision: 1674818746 2023-01-27 14:25:46
  Last revision: 1674818747 2023-01-27 14:25:47
2023-01-27 13:17:24	/home/a0771324/domains/a0771324.xsph.ru/public_html/wikiLegend/dokuwiki/data/pages/start.txt	Warning: current file modification time is older than last revision date
  File revision: 1674807584 2023-01-27 11:19:44
  Last revision: 1674807585 2023-01-27 11:19:45
2023-01-27 13:17:25	/home/a0771324/domains/a0771324.xsph.ru/public_html/wikiLegend/dokuwiki/data/pages/start.txt	Warning: current file modification time is older than last revision date
  File revision: 1674807584 2023-01-27 11:19:44
  Last revision: 1674807585 2023-01-27 11:19:45
2023-01-27 13:17:35	/home/a0771324/domains/a0771324.xsph.ru/public_html/wikiLegend/dokuwiki/data/pages/%D0%B8%D1%81%D1%82%D0%BE%D1%80%D0%B8%D1%8F.txt	Warning: current file modification time is older than last revision date
  File revision: 1674818746 2023-01-27 14:25:46
  Last revision: 1674818747 2023-01-27 14:25:47
2023-01-27 13:18:09	/home/a0771324/domains/a0771324.xsph.ru/public_html/wikiLegend/dokuwiki/data/pages/start.txt	Warning: current file modification time is older than last revision date
  File revision: 1674807584 2023-01-27 11:19:44
  Last revision: 1674807585 2023-01-27 11:19:45
2023-01-27 13:18:20	/home/a0771324/domains/a0771324.xsph.ru/public_html/wikiLegend/dokuwiki/data/pages/start.txt	Warning: current file modification time is older than last revision date
  File revision: 1674807584 2023-01-27 11:19:44
  Last revision: 1674807585 2023-01-27 11:19:45
2023-01-27 13:18:27	/home/a0771324/domains/a0771324.xsph.ru/public_html/wikiLegend/dokuwiki/data/pages/start.txt	Warning: current file modification time is older than last revision date
  File revision: 1674807584 2023-01-27 11:19:44
  Last revision: 1674807585 2023-01-27 11:19:45
2023-01-27 13:18:48	/home/a0771324/domains/a0771324.xsph.ru/public_html/wikiLegend/dokuwiki/data/pages/%D0%B8%D1%81%D1%82%D0%BE%D1%80%D0%B8%D1%8F.txt	Warning: current file modification time is older than last revision date
  File revision: 1674818746 2023-01-27 14:25:46
  Last revision: 1674818747 2023-01-27 14:25:47
2023-01-27 13:18:51	/home/a0771324/domains/a0771324.xsph.ru/public_html/wikiLegend/dokuwiki/data/pages/start.txt	Warning: current file modification time is older than last revision date
  File revision: 1674807584 2023-01-27 11:19:44
  Last revision: 1674807585 2023-01-27 11:19:45
2023-01-27 13:18:57	/home/a0771324/domains/a0771324.xsph.ru/public_html/wikiLegend/dokuwiki/data/pages/start.txt	Warning: current file modification time is older than last revision date
  File revision: 1674807584 2023-01-27 11:19:44
  Last revision: 1674807585 2023-01-27 11:19:45
2023-01-27 13:19:08	/home/a0771324/domains/a0771324.xsph.ru/public_html/wikiLegend/dokuwiki/data/pages/start.txt	Warning: current file modification time is older than last revision date
  File revision: 1674807584 2023-01-27 11:19:44
  Last revision: 1674807585 2023-01-27 11:19:45
2023-01-27 13:19:19	/home/a0771324/domains/a0771324.xsph.ru/public_html/wikiLegend/dokuwiki/data/pages/start.txt	Warning: current file modification time is older than last revision date
  File revision: 1674807584 2023-01-27 11:19:44
  Last revision: 1674807585 2023-01-27 11:19:45
2023-01-27 13:19:25	/home/a0771324/domains/a0771324.xsph.ru/public_html/wikiLegend/dokuwiki/data/pages/start.txt	Warning: current file modification time is older than last revision date
  File revision: 1674807584 2023-01-27 11:19:44
  Last revision: 1674807585 2023-01-27 11:19:45
2023-01-27 13:19:38	/home/a0771324/domains/a0771324.xsph.ru/public_html/wikiLegend/dokuwiki/data/pages/start.txt	Warning: current file modification time is older than last revision date
  File revision: 1674807584 2023-01-27 11:19:44
  Last revision: 1674807585 2023-01-27 11:19:45
2023-01-27 13:19:41	/home/a0771324/domains/a0771324.xsph.ru/public_html/wikiLegend/dokuwiki/data/pages/start.txt	Warning: current file modification time is older than last revision date
  File revision: 1674807584 2023-01-27 11:19:44
  Last revision: 1674807585 2023-01-27 11:19:45
2023-01-27 13:19:43	/home/a0771324/domains/a0771324.xsph.ru/public_html/wikiLegend/dokuwiki/data/pages/start.txt	Warning: current file modification time is older than last revision date
  File revision: 1674807584 2023-01-27 11:19:44
  Last revision: 1674807585 2023-01-27 11:19:45
2023-01-27 13:19:50	/home/a0771324/domains/a0771324.xsph.ru/public_html/wikiLegend/dokuwiki/data/pages/start.txt	Warning: current file modification time is older than last revision date
  File revision: 1674807584 2023-01-27 11:19:44
  Last revision: 1674807585 2023-01-27 11:19:45
2023-01-27 13:19:50	/home/a0771324/domains/a0771324.xsph.ru/public_html/wikiLegend/dokuwiki/data/pages/%D0%B8%D1%81%D1%82%D0%BE%D1%80%D0%B8%D1%8F.txt	Warning: current file modification time is older than last revision date
  File revision: 1674818746 2023-01-27 14:25:46
  Last revision: 1674818747 2023-01-27 14:25:47
2023-01-27 13:19:50	/home/a0771324/domains/a0771324.xsph.ru/public_html/wikiLegend/dokuwiki/data/media/hful76x4hni.jpg	Warning: current file modification time is older than last revision date
  File revision: 1674817168 2023-01-27 13:59:28
  Last revision: 1674817169 2023-01-27 13:59:29
2023-01-27 13:19:50	/home/a0771324/domains/a0771324.xsph.ru/public_html/wikiLegend/dokuwiki/data/media/%D0%B6%D0%B0%D0%B6%D0%B4%D0%B0_.mp4	Warning: current file modification time is older than last revision date
  File revision: 1674816330 2023-01-27 13:45:30
  Last revision: 1674816331 2023-01-27 13:45:31
2023-01-27 13:19:57	/home/a0771324/domains/a0771324.xsph.ru/public_html/wikiLegend/dokuwiki/data/pages/start.txt	Warning: current file modification time is older than last revision date
  File revision: 1674807584 2023-01-27 11:19:44
  Last revision: 1674807585 2023-01-27 11:19:45
2023-01-27 13:20:00	/home/a0771324/domains/a0771324.xsph.ru/public_html/wikiLegend/dokuwiki/data/pages/start.txt	Warning: current file modification time is older than last revision date
  File revision: 1674807584 2023-01-27 11:19:44
  Last revision: 1674807585 2023-01-27 11:19:45
2023-01-27 13:20:26	/home/a0771324/domains/a0771324.xsph.ru/public_html/wikiLegend/dokuwiki/data/pages/start.txt	Warning: current file modification time is older than last revision date
  File revision: 1674807584 2023-01-27 11:19:44
  Last revision: 1674807585 2023-01-27 11:19:45
